2020-10-13 15:55:01.695171  | run_10_13_15_55_square_10_13_15_55 Runner  master CPU affinity: [0, 1, 2, 3, 4, 5, 6, 7].
2020-10-13 15:55:01.695344  | run_10_13_15_55_square_10_13_15_55 Runner  master Torch threads: 4.
2020-10-13 15:55:15.145539  | run_10_13_15_55_square_10_13_15_55 Sampler decorrelating envs, max steps: 1
2020-10-13 15:55:17.171019  | run_10_13_15_55_square_10_13_15_55 Serial Sampler initialized.
2020-10-13 15:55:17.171204  | run_10_13_15_55_square_10_13_15_55 Running 7812 iterations of minibatch RL.
2020-10-13 15:55:17.172033  | run_10_13_15_55_square_10_13_15_55 Optimizing over 1 iterations.
2020-10-13 16:00:32.590161  | run_10_13_15_55_square_10_13_15_55 itr #0 saving snapshot...
2020-10-13 16:00:32.595005  | run_10_13_15_55_square_10_13_15_55 itr #0 saved
2020-10-13 16:00:32.626936  | -----------------------------  ---------------------
2020-10-13 16:00:32.627550  | Diagnostics/NewCompletedTrajs  12
2020-10-13 16:00:32.627646  | Diagnostics/StepsInTrajWindow  123
2020-10-13 16:00:32.627706  | Diagnostics/Iteration          0
2020-10-13 16:00:32.627759  | Diagnostics/CumTime (s)        315.42295694351196
2020-10-13 16:00:32.627809  | Diagnostics/CumSteps           128
2020-10-13 16:00:32.627858  | Diagnostics/CumCompletedTrajs  12
2020-10-13 16:00:32.627906  | Diagnostics/CumUpdates         80
2020-10-13 16:00:32.627955  | Diagnostics/StepsPerSecond     nan
2020-10-13 16:00:32.628005  | Diagnostics/UpdatesPerSecond   nan
2020-10-13 16:00:32.628072  | Diagnostics/ReplayRatio        10.0
2020-10-13 16:00:32.628139  | Diagnostics/CumReplayRatio     10.0
2020-10-13 16:00:32.628192  | LengthAverage                  10.25
2020-10-13 16:00:32.628245  | LengthStd                      1.5343293866268306
2020-10-13 16:00:32.628294  | LengthMedian                   10.0
2020-10-13 16:00:32.628569  | LengthMin                      8
2020-10-13 16:00:32.628639  | LengthMax                      13
2020-10-13 16:00:32.628689  | ReturnAverage                  -6.914809038241704
2020-10-13 16:00:32.628738  | ReturnStd                      5.28499251790517
2020-10-13 16:00:32.628787  | ReturnMedian                   -7.248636394739151
2020-10-13 16:00:32.628836  | ReturnMin                      -15.54695188999176
2020-10-13 16:00:32.628886  | ReturnMax                      -0.6498094201087952
2020-10-13 16:00:32.628934  | NonzeroRewardsAverage          10.25
2020-10-13 16:00:32.628984  | NonzeroRewardsStd              1.5343293866268306
2020-10-13 16:00:32.629034  | NonzeroRewardsMedian           10.0
2020-10-13 16:00:32.629082  | NonzeroRewardsMin              8
2020-10-13 16:00:32.629130  | NonzeroRewardsMax              13
2020-10-13 16:00:32.629179  | DiscountedReturnAverage        -6.667591498850246
2020-10-13 16:00:32.629227  | DiscountedReturnStd            4.908752387623201
2020-10-13 16:00:32.629275  | DiscountedReturnMedian         -6.94971270161899
2020-10-13 16:00:32.629326  | DiscountedReturnMin            -14.619572226705621
2020-10-13 16:00:32.629582  | DiscountedReturnMax            -0.8179314481046687
2020-10-13 16:00:32.629629  | SuccessAverage                 0.4166666666666667
2020-10-13 16:00:32.629663  | SuccessStd                     0.4930066485916347
2020-10-13 16:00:32.629697  | SuccessMedian                  0.0
2020-10-13 16:00:32.629730  | SuccessMin                     False
2020-10-13 16:00:32.629762  | SuccessMax                     True
2020-10-13 16:00:32.629798  | InsertDepthAverage             -0.009820211041730618
2020-10-13 16:00:32.629879  | InsertDepthStd                 0.008949333485691265
2020-10-13 16:00:32.629926  | InsertDepthMedian              -0.00679056215498712
2020-10-13 16:00:32.629963  | InsertDepthMin                 -0.020179130206893256
2020-10-13 16:00:32.630008  | InsertDepthMax                 0.0005966900414522136
2020-10-13 16:00:32.630051  | TimeAverage                    19.562525113423664
2020-10-13 16:00:32.630095  | TimeStd                        1.9130709840640951
2020-10-13 16:00:32.630137  | TimeMedian                     20.16273057460785
2020-10-13 16:00:32.630179  | TimeMin                        15.989978790283203
2020-10-13 16:00:32.630242  | TimeMax                        21.893560886383057
2020-10-13 16:00:32.630287  | InitPosAverage                 0.0
2020-10-13 16:00:32.630328  | InitPosStd                     0.0
2020-10-13 16:00:32.630532  | InitPosMedian                  0.0
2020-10-13 16:00:32.630585  | InitPosMin                     0.0
2020-10-13 16:00:32.630628  | InitPosMax                     0.0
2020-10-13 16:00:32.630669  | InitQuatAverage                0.0
2020-10-13 16:00:32.630709  | InitQuatStd                    0.0
2020-10-13 16:00:32.630749  | InitQuatMedian                 0.0
2020-10-13 16:00:32.630791  | InitQuatMin                    0.0
2020-10-13 16:00:32.630831  | InitQuatMax                    0.0
2020-10-13 16:00:32.630871  | lossAverage                    11.168877418711782
2020-10-13 16:00:32.630912  | lossStd                        10.153658266223585
2020-10-13 16:00:32.630953  | lossMedian                     8.14014196395874
2020-10-13 16:00:32.630993  | lossMin                        -4.883100986480713
2020-10-13 16:00:32.631033  | lossMax                        45.65711212158203
2020-10-13 16:00:32.631073  | gradNormAverage                1162.341580581665
2020-10-13 16:00:32.631114  | gradNormStd                    897.0476192937324
2020-10-13 16:00:32.631154  | gradNormMedian                 833.8594970703125
2020-10-13 16:00:32.631195  | gradNormMin                    308.2520751953125
2020-10-13 16:00:32.631235  | gradNormMax                    4532.76806640625
2020-10-13 16:00:32.631274  | entropyAverage                 0.6292101528495551
2020-10-13 16:00:32.631315  | entropyStd                     0.15425256548290397
2020-10-13 16:00:32.631513  | entropyMedian                  0.6394610702991486
2020-10-13 16:00:32.631567  | entropyMin                     0.23976024985313416
2020-10-13 16:00:32.631611  | entropyMax                     0.9998809099197388
2020-10-13 16:00:32.631652  | perplexityAverage              2.3623774692416193
2020-10-13 16:00:32.631693  | perplexityStd                  0.40668370391339587
2020-10-13 16:00:32.631734  | perplexityMedian               2.377038359642029
2020-10-13 16:00:32.631779  | perplexityMin                  1.31697416305542
2020-10-13 16:00:32.631823  | perplexityMax                  3.224013566970825
2020-10-13 16:00:32.631863  | -----------------------------  ---------------------
2020-10-13 16:00:32.632225  | run_10_13_15_55_square_10_13_15_55 itr #0 Optimizing over 1 iterations.
2020-10-13 16:05:59.195203  | run_10_13_15_55_square_10_13_15_55 itr #1 saving snapshot...
2020-10-13 16:05:59.206577  | run_10_13_15_55_square_10_13_15_55 itr #1 saved
2020-10-13 16:05:59.214147  | -----------------------------  ---------------------
2020-10-13 16:05:59.214948  | Diagnostics/NewCompletedTrajs  13
2020-10-13 16:05:59.215021  | Diagnostics/StepsInTrajWindow  248
2020-10-13 16:05:59.215057  | Diagnostics/Iteration          1
2020-10-13 16:05:59.215088  | Diagnostics/CumTime (s)        642.0345396995544
2020-10-13 16:05:59.215117  | Diagnostics/CumSteps           256
2020-10-13 16:05:59.215146  | Diagnostics/CumCompletedTrajs  25
2020-10-13 16:05:59.215184  | Diagnostics/CumUpdates         160
2020-10-13 16:05:59.215219  | Diagnostics/StepsPerSecond     0.39190281899955653
2020-10-13 16:05:59.215254  | Diagnostics/UpdatesPerSecond   0.24493926187472284
2020-10-13 16:05:59.215290  | Diagnostics/ReplayRatio        10.0
2020-10-13 16:05:59.215324  | Diagnostics/CumReplayRatio     10.0
2020-10-13 16:05:59.215369  | LengthAverage                  9.92
2020-10-13 16:05:59.215415  | LengthStd                      1.5210522673465234
2020-10-13 16:05:59.215455  | LengthMedian                   10.0
2020-10-13 16:05:59.215498  | LengthMin                      7
2020-10-13 16:05:59.215543  | LengthMax                      13
2020-10-13 16:05:59.215584  | ReturnAverage                  -5.812026240825653
2020-10-13 16:05:59.215625  | ReturnStd                      4.870641422929961
2020-10-13 16:05:59.215665  | ReturnMedian                   -7.18583470582962
2020-10-13 16:05:59.215723  | ReturnMin                      -15.54695188999176
2020-10-13 16:05:59.215766  | ReturnMax                      0.2752649784088135
2020-10-13 16:05:59.215806  | NonzeroRewardsAverage          9.92
2020-10-13 16:05:59.215846  | NonzeroRewardsStd              1.5210522673465234
2020-10-13 16:05:59.215886  | NonzeroRewardsMedian           10.0
2020-10-13 16:05:59.215927  | NonzeroRewardsMin              7
2020-10-13 16:05:59.215971  | NonzeroRewardsMax              13
2020-10-13 16:05:59.216010  | DiscountedReturnAverage        -5.64009644929651
2020-10-13 16:05:59.216053  | DiscountedReturnStd            4.52612314295192
2020-10-13 16:05:59.216098  | DiscountedReturnMedian         -6.891088003806763
2020-10-13 16:05:59.216138  | DiscountedReturnMin            -14.619572226705621
2020-10-13 16:05:59.216178  | DiscountedReturnMax            0.10761017787784155
2020-10-13 16:05:59.216218  | SuccessAverage                 0.48
2020-10-13 16:05:59.216256  | SuccessStd                     0.4995998398718719
2020-10-13 16:05:59.216295  | SuccessMedian                  0.0
2020-10-13 16:05:59.216338  | SuccessMin                     False
2020-10-13 16:05:59.216379  | SuccessMax                     True
2020-10-13 16:05:59.216419  | InsertDepthAverage             -0.010881904431445138
2020-10-13 16:05:59.216463  | InsertDepthStd                 0.009105122336743009
2020-10-13 16:05:59.216515  | InsertDepthMedian              -0.00806795962164683
2020-10-13 16:05:59.216556  | InsertDepthMin                 -0.020179130206893256
2020-10-13 16:05:59.216595  | InsertDepthMax                 0.0021058335456831667
2020-10-13 16:05:59.216719  | TimeAverage                    19.171837320327757
2020-10-13 16:05:59.216770  | TimeStd                        2.027105789020268
2020-10-13 16:05:59.216963  | TimeMedian                     20.153039932250977
2020-10-13 16:05:59.217023  | TimeMin                        14.102648973464966
2020-10-13 16:05:59.217069  | TimeMax                        21.893560886383057
2020-10-13 16:05:59.217110  | InitPosAverage                 0.0
2020-10-13 16:05:59.217148  | InitPosStd                     0.0
2020-10-13 16:05:59.217192  | InitPosMedian                  0.0
2020-10-13 16:05:59.217234  | InitPosMin                     0.0
2020-10-13 16:05:59.217281  | InitPosMax                     0.0
2020-10-13 16:05:59.217321  | InitQuatAverage                0.0
2020-10-13 16:05:59.217359  | InitQuatStd                    0.0
2020-10-13 16:05:59.217398  | InitQuatMedian                 0.0
2020-10-13 16:05:59.217436  | InitQuatMin                    0.0
2020-10-13 16:05:59.217474  | InitQuatMax                    0.0
2020-10-13 16:05:59.217522  | lossAverage                    2.0301143089396647
2020-10-13 16:05:59.217563  | lossStd                        1.6319221082404436
2020-10-13 16:05:59.217603  | lossMedian                     1.8596822023391724
2020-10-13 16:05:59.217647  | lossMin                        -0.8583880662918091
2020-10-13 16:05:59.217686  | lossMax                        6.27844762802124
2020-10-13 16:05:59.217725  | gradNormAverage                417.68094902038575
2020-10-13 16:05:59.217769  | gradNormStd                    173.61029731391912
2020-10-13 16:05:59.217809  | gradNormMedian                 383.720703125
2020-10-13 16:05:59.217899  | gradNormMin                    142.29693603515625
2020-10-13 16:05:59.217947  | gradNormMax                    960.6194458007812
2020-10-13 16:05:59.217987  | entropyAverage                 0.49831827320158484
2020-10-13 16:05:59.218029  | entropyStd                     0.1035757348476786
2020-10-13 16:05:59.218072  | entropyMedian                  0.5032118558883667
2020-10-13 16:05:59.218114  | entropyMin                     0.22929725050926208
2020-10-13 16:05:59.218154  | entropyMax                     0.7289921641349792
2020-10-13 16:05:59.218201  | perplexityAverage              1.835061527788639
2020-10-13 16:05:59.218242  | perplexityStd                  0.23170391464888276
2020-10-13 16:05:59.218301  | perplexityMedian               1.8567425608634949
2020-10-13 16:05:59.218349  | perplexityMin                  1.2983894348144531
2020-10-13 16:05:59.218390  | perplexityMax                  2.4190776348114014
2020-10-13 16:05:59.218430  | -----------------------------  ---------------------
2020-10-13 16:05:59.218697  | run_10_13_15_55_square_10_13_15_55 itr #1 Optimizing over 1 iterations.
2020-10-13 16:11:11.896122  | run_10_13_15_55_square_10_13_15_55 itr #2 saving snapshot...
2020-10-13 16:11:11.903891  | run_10_13_15_55_square_10_13_15_55 itr #2 saved
2020-10-13 16:11:11.914537  | -----------------------------  ---------------------
2020-10-13 16:11:11.917178  | Diagnostics/NewCompletedTrajs  12
2020-10-13 16:11:11.917279  | Diagnostics/StepsInTrajWindow  378
2020-10-13 16:11:11.917337  | Diagnostics/Iteration          2
2020-10-13 16:11:11.917397  | Diagnostics/CumTime (s)        954.7319405078888
2020-10-13 16:11:11.917457  | Diagnostics/CumSteps           384
2020-10-13 16:11:11.917506  | Diagnostics/CumCompletedTrajs  37
2020-10-13 16:11:11.917553  | Diagnostics/CumUpdates         240
2020-10-13 16:11:11.917659  | Diagnostics/StepsPerSecond     0.40934142614909896
2020-10-13 16:11:11.917741  | Diagnostics/UpdatesPerSecond   0.25583839134318687
2020-10-13 16:11:11.917817  | Diagnostics/ReplayRatio        10.0
2020-10-13 16:11:11.917947  | Diagnostics/CumReplayRatio     10.0
2020-10-13 16:11:11.918049  | LengthAverage                  10.216216216216216
2020-10-13 16:11:11.918145  | LengthStd                      1.8178564022486743
2020-10-13 16:11:11.918242  | LengthMedian                   10.0
2020-10-13 16:11:11.918336  | LengthMin                      5
2020-10-13 16:11:11.918424  | LengthMax                      14
2020-10-13 16:11:11.918511  | ReturnAverage                  -6.877094760134414
2020-10-13 16:11:11.918590  | ReturnStd                      5.320916934759953
2020-10-13 16:11:11.918665  | ReturnMedian                   -7.2808637619018555
2020-10-13 16:11:11.918741  | ReturnMin                      -16.893237471580505
2020-10-13 16:11:11.918815  | ReturnMax                      1.3796759843826294
2020-10-13 16:11:11.919079  | NonzeroRewardsAverage          10.216216216216216
2020-10-13 16:11:11.919152  | NonzeroRewardsStd              1.8178564022486743
2020-10-13 16:11:11.919215  | NonzeroRewardsMedian           10.0
2020-10-13 16:11:11.919275  | NonzeroRewardsMin              5
2020-10-13 16:11:11.919335  | NonzeroRewardsMax              14
2020-10-13 16:11:11.919392  | DiscountedReturnAverage        -6.6183513744073
2020-10-13 16:11:11.919450  | DiscountedReturnStd            4.936812467479108
2020-10-13 16:11:11.919497  | DiscountedReturnMedian         -6.980098271060985
2020-10-13 16:11:11.919544  | DiscountedReturnMin            -15.776615320581225
2020-10-13 16:11:11.919593  | DiscountedReturnMax            1.244335537531593
2020-10-13 16:11:11.919653  | SuccessAverage                 0.40540540540540543
2020-10-13 16:11:11.919713  | SuccessStd                     0.4909703276914852
2020-10-13 16:11:11.919773  | SuccessMedian                  0.0
2020-10-13 16:11:11.919832  | SuccessMin                     False
2020-10-13 16:11:11.919884  | SuccessMax                     True
2020-10-13 16:11:11.919935  | InsertDepthAverage             -0.00909874850999501
2020-10-13 16:11:11.919989  | InsertDepthStd                 0.009456678332239676
2020-10-13 16:11:11.920043  | InsertDepthMedian              -0.007548464768600577
2020-10-13 16:11:11.920096  | InsertDepthMin                 -0.020179130206893256
2020-10-13 16:11:11.920147  | InsertDepthMax                 0.0029631378810595355
2020-10-13 16:11:11.920202  | TimeAverage                    19.346989876515156
2020-10-13 16:11:11.920253  | TimeStd                        2.4152836350861753
2020-10-13 16:11:11.920307  | TimeMedian                     20.15921711921692
2020-10-13 16:11:11.920360  | TimeMin                        9.838252544403076
2020-10-13 16:11:11.920408  | TimeMax                        21.893560886383057
2020-10-13 16:11:11.920479  | InitPosAverage                 0.0
2020-10-13 16:11:11.920527  | InitPosStd                     0.0
2020-10-13 16:11:11.920573  | InitPosMedian                  0.0
2020-10-13 16:11:11.920619  | InitPosMin                     0.0
2020-10-13 16:11:11.920663  | InitPosMax                     0.0
2020-10-13 16:11:11.920708  | InitQuatAverage                0.0
2020-10-13 16:11:11.920755  | InitQuatStd                    0.0
2020-10-13 16:11:11.920800  | InitQuatMedian                 0.0
2020-10-13 16:11:11.920847  | InitQuatMin                    0.0
2020-10-13 16:11:11.920892  | InitQuatMax                    0.0
2020-10-13 16:11:11.920936  | lossAverage                    6.883531674742699
2020-10-13 16:11:11.920981  | lossStd                        3.488698030777827
2020-10-13 16:11:11.921026  | lossMedian                     6.545663356781006
2020-10-13 16:11:11.921071  | lossMin                        0.20408710837364197
2020-10-13 16:11:11.921114  | lossMax                        17.864913940429688
2020-10-13 16:11:11.921161  | gradNormAverage                698.3952615737915
2020-10-13 16:11:11.921213  | gradNormStd                    524.6159203886344
2020-10-13 16:11:11.921262  | gradNormMedian                 542.7090148925781
2020-10-13 16:11:11.921314  | gradNormMin                    202.27047729492188
2020-10-13 16:11:11.921364  | gradNormMax                    3786.689208984375
2020-10-13 16:11:11.921415  | entropyAverage                 0.6816234480589628
2020-10-13 16:11:11.921465  | entropyStd                     0.15075874364495953
2020-10-13 16:11:11.921514  | entropyMedian                  0.6720806062221527
2020-10-13 16:11:11.921565  | entropyMin                     0.310435950756073
2020-10-13 16:11:11.921614  | entropyMax                     1.0882331132888794
2020-10-13 16:11:11.921664  | perplexityAverage              2.4689806059002875
2020-10-13 16:11:11.921714  | perplexityStd                  0.4804430708893838
2020-10-13 16:11:11.921763  | perplexityMedian               2.4577096700668335
2020-10-13 16:11:11.921816  | perplexityMin                  1.4014880657196045
2020-10-13 16:11:11.921955  | perplexityMax                  3.8531808853149414
2020-10-13 16:11:11.922008  | -----------------------------  ---------------------
2020-10-13 16:11:11.922409  | run_10_13_15_55_square_10_13_15_55 itr #2 Optimizing over 1 iterations.
2020-10-13 16:16:03.576178  | run_10_13_15_55_square_10_13_15_55 itr #3 saving snapshot...
2020-10-13 16:16:03.580748  | run_10_13_15_55_square_10_13_15_55 itr #3 saved
2020-10-13 16:16:03.588752  | -----------------------------  ---------------------
2020-10-13 16:16:03.588852  | Diagnostics/NewCompletedTrajs  11
2020-10-13 16:16:03.588896  | Diagnostics/StepsInTrajWindow  509
2020-10-13 16:16:03.588932  | Diagnostics/Iteration          3
2020-10-13 16:16:03.588967  | Diagnostics/CumTime (s)        1246.4086866378784
2020-10-13 16:16:03.589002  | Diagnostics/CumSteps           512
2020-10-13 16:16:03.589049  | Diagnostics/CumCompletedTrajs  48
2020-10-13 16:16:03.589082  | Diagnostics/CumUpdates         320
2020-10-13 16:16:03.589114  | Diagnostics/StepsPerSecond     0.4388419772858927
2020-10-13 16:16:03.589146  | Diagnostics/UpdatesPerSecond   0.27427623580368293
2020-10-13 16:16:03.589185  | Diagnostics/ReplayRatio        10.0
2020-10-13 16:16:03.589231  | Diagnostics/CumReplayRatio     10.0
2020-10-13 16:16:03.589279  | LengthAverage                  10.604166666666666
2020-10-13 16:16:03.589326  | LengthStd                      2.3606106495754204
2020-10-13 16:16:03.589370  | LengthMedian                   10.0
2020-10-13 16:16:03.589406  | LengthMin                      5
2020-10-13 16:16:03.589445  | LengthMax                      22
2020-10-13 16:16:03.589487  | ReturnAverage                  -8.086550572266182
2020-10-13 16:16:03.589527  | ReturnStd                      6.727386214979098
2020-10-13 16:16:03.589565  | ReturnMedian                   -8.293051332235336
2020-10-13 16:16:03.589603  | ReturnMin                      -36.898295164108276
2020-10-13 16:16:03.589660  | ReturnMax                      1.3796759843826294
2020-10-13 16:16:03.589700  | NonzeroRewardsAverage          10.604166666666666
2020-10-13 16:16:03.589737  | NonzeroRewardsStd              2.3606106495754204
2020-10-13 16:16:03.589775  | NonzeroRewardsMedian           10.0
2020-10-13 16:16:03.589813  | NonzeroRewardsMin              5
2020-10-13 16:16:03.589916  | NonzeroRewardsMax              22
2020-10-13 16:16:03.589963  | DiscountedReturnAverage        -7.722712720074905
2020-10-13 16:16:03.590002  | DiscountedReturnStd            6.142956260947264
2020-10-13 16:16:03.590040  | DiscountedReturnMedian         -7.948189488611819
2020-10-13 16:16:03.590079  | DiscountedReturnMin            -33.340849193608044
2020-10-13 16:16:03.590118  | DiscountedReturnMax            1.244335537531593
2020-10-13 16:16:03.590156  | SuccessAverage                 0.3541666666666667
2020-10-13 16:16:03.590194  | SuccessStd                     0.4782600118020415
2020-10-13 16:16:03.590232  | SuccessMedian                  0.0
2020-10-13 16:16:03.590270  | SuccessMin                     False
2020-10-13 16:16:03.590316  | SuccessMax                     True
2020-10-13 16:16:03.591743  | InsertDepthAverage             -0.007765325476062501
2020-10-13 16:16:03.591826  | InsertDepthStd                 0.00970409960534239
2020-10-13 16:16:03.591870  | InsertDepthMedian              -0.005646964799901413
2020-10-13 16:16:03.591908  | InsertDepthMin                 -0.020179130206893256
2020-10-13 16:16:03.591944  | InsertDepthMax                 0.006257727808845898
2020-10-13 16:16:03.591980  | TimeAverage                    19.640567903717358
2020-10-13 16:16:03.592016  | TimeStd                        2.236862403607752
2020-10-13 16:16:03.592065  | TimeMedian                     20.16777205467224
2020-10-13 16:16:03.592099  | TimeMin                        9.838252544403076
2020-10-13 16:16:03.592132  | TimeMax                        21.893560886383057
2020-10-13 16:16:03.592167  | InitPosAverage                 0.0
2020-10-13 16:16:03.592201  | InitPosStd                     0.0
2020-10-13 16:16:03.592235  | InitPosMedian                  0.0
2020-10-13 16:16:03.592269  | InitPosMin                     0.0
2020-10-13 16:16:03.592309  | InitPosMax                     0.0
2020-10-13 16:16:03.592343  | InitQuatAverage                0.0
2020-10-13 16:16:03.592377  | InitQuatStd                    0.0
2020-10-13 16:16:03.592411  | InitQuatMedian                 0.0
2020-10-13 16:16:03.592445  | InitQuatMin                    0.0
2020-10-13 16:16:03.592479  | InitQuatMax                    0.0
2020-10-13 16:16:03.592513  | lossAverage                    15.758843824267387
2020-10-13 16:16:03.592546  | lossStd                        11.912702998747434
2020-10-13 16:16:03.592580  | lossMedian                     13.166183948516846
2020-10-13 16:16:03.592613  | lossMin                        2.05448055267334
2020-10-13 16:16:03.592646  | lossMax                        78.05504608154297
2020-10-13 16:16:03.592680  | gradNormAverage                1071.653917694092
2020-10-13 16:16:03.592714  | gradNormStd                    699.640861447719
2020-10-13 16:16:03.592748  | gradNormMedian                 923.8483276367188
2020-10-13 16:16:03.592782  | gradNormMin                    294.76922607421875
2020-10-13 16:16:03.592815  | gradNormMax                    4767.82568359375
2020-10-13 16:16:03.592850  | entropyAverage                 0.6139721982181072
2020-10-13 16:16:03.592884  | entropyStd                     0.13082095459144685
2020-10-13 16:16:03.592917  | entropyMedian                  0.6126928627490997
2020-10-13 16:16:03.592951  | entropyMin                     0.27768826484680176
2020-10-13 16:16:03.592999  | entropyMax                     0.876356303691864
2020-10-13 16:16:03.593038  | perplexityAverage              2.22441536039114
2020-10-13 16:16:03.593075  | perplexityStd                  0.36658814749462915
2020-10-13 16:16:03.593113  | perplexityMedian               2.2506518363952637
2020-10-13 16:16:03.593170  | perplexityMin                  1.3847339153289795
2020-10-13 16:16:03.593210  | perplexityMax                  3.054058313369751
2020-10-13 16:16:03.593249  | -----------------------------  ---------------------
2020-10-13 16:16:03.593529  | run_10_13_15_55_square_10_13_15_55 itr #3 Optimizing over 1 iterations.
2020-10-13 16:17:26.709688  | run_10_13_15_55_square_10_13_15_55 itr #4 saving snapshot...
2020-10-13 16:17:26.721972  | run_10_13_15_55_square_10_13_15_55 itr #4 saved
2020-10-13 16:17:26.732031  | -----------------------------  ---------------------
2020-10-13 16:17:26.732141  | Diagnostics/NewCompletedTrajs  3
2020-10-13 16:17:26.732185  | Diagnostics/StepsInTrajWindow  546
2020-10-13 16:17:26.732218  | Diagnostics/Iteration          4
2020-10-13 16:17:26.732256  | Diagnostics/CumTime (s)        1329.5499818325043
2020-10-13 16:17:26.732288  | Diagnostics/CumSteps           640
2020-10-13 16:17:26.732318  | Diagnostics/CumCompletedTrajs  51
2020-10-13 16:17:26.732349  | Diagnostics/CumUpdates         400
2020-10-13 16:17:26.732383  | Diagnostics/StepsPerSecond     1.539547822780054
2020-10-13 16:17:26.732417  | Diagnostics/UpdatesPerSecond   0.9622173892375337
2020-10-13 16:17:26.732447  | Diagnostics/ReplayRatio        10.0
2020-10-13 16:17:26.732477  | Diagnostics/CumReplayRatio     10.0
2020-10-13 16:17:26.732508  | LengthAverage                  10.705882352941176
2020-10-13 16:17:26.732547  | LengthStd                      2.522791153037731
2020-10-13 16:17:26.732580  | LengthMedian                   10.0
2020-10-13 16:17:26.732610  | LengthMin                      5
2020-10-13 16:17:26.732641  | LengthMax                      22
2020-10-13 16:17:26.732677  | ReturnAverage                  -8.096449123878106
2020-10-13 16:17:26.732709  | ReturnStd                      6.645639499807142
2020-10-13 16:17:26.732739  | ReturnMedian                   -8.651544332504272
2020-10-13 16:17:26.732770  | ReturnMin                      -36.898295164108276
2020-10-13 16:17:26.732806  | ReturnMax                      1.3796759843826294
2020-10-13 16:17:26.732839  | NonzeroRewardsAverage          10.705882352941176
2020-10-13 16:17:26.732870  | NonzeroRewardsStd              2.522791153037731
2020-10-13 16:17:26.732903  | NonzeroRewardsMedian           10.0
2020-10-13 16:17:26.732929  | NonzeroRewardsMin              5
2020-10-13 16:17:26.732966  | NonzeroRewardsMax              22
2020-10-13 16:17:26.732994  | DiscountedReturnAverage        -7.730866853909621
2020-10-13 16:17:26.733018  | DiscountedReturnStd            6.0686149008489
2020-10-13 16:17:26.733042  | DiscountedReturnMedian         -8.280587955012116
2020-10-13 16:17:26.733067  | DiscountedReturnMin            -33.340849193608044
2020-10-13 16:17:26.733099  | DiscountedReturnMax            1.244335537531593
2020-10-13 16:17:26.733129  | SuccessAverage                 0.35294117647058826
2020-10-13 16:17:26.733154  | SuccessStd                     0.4778846120374094
2020-10-13 16:17:26.733179  | SuccessMedian                  0.0
2020-10-13 16:17:26.733203  | SuccessMin                     False
2020-10-13 16:17:26.733231  | SuccessMax                     True
2020-10-13 16:17:26.733266  | InsertDepthAverage             -0.007640268605028759
2020-10-13 16:17:26.733291  | InsertDepthStd                 0.00975264549622499
2020-10-13 16:17:26.733316  | InsertDepthMedian              -0.00535053179966663
2020-10-13 16:17:26.733340  | InsertDepthMin                 -0.020179130206893256
2020-10-13 16:17:26.733366  | InsertDepthMax                 0.006257727808845898
2020-10-13 16:17:26.733401  | TimeAverage                    19.658273972716987
2020-10-13 16:17:26.733427  | TimeStd                        2.196995625754482
2020-10-13 16:17:26.733451  | TimeMedian                     20.16931986808777
2020-10-13 16:17:26.733476  | TimeMin                        9.838252544403076
2020-10-13 16:17:26.733500  | TimeMax                        21.893560886383057
2020-10-13 16:17:26.733538  | InitPosAverage                 0.0
2020-10-13 16:17:26.733583  | InitPosStd                     0.0
2020-10-13 16:17:26.733609  | InitPosMedian                  0.0
2020-10-13 16:17:26.733634  | InitPosMin                     0.0
2020-10-13 16:17:26.733663  | InitPosMax                     0.0
2020-10-13 16:17:26.733694  | InitQuatAverage                0.0
2020-10-13 16:17:26.733718  | InitQuatStd                    0.0
2020-10-13 16:17:26.733742  | InitQuatMedian                 0.0
2020-10-13 16:17:26.733767  | InitQuatMin                    0.0
2020-10-13 16:17:26.733794  | InitQuatMax                    0.0
2020-10-13 16:17:26.737894  | lossAverage                    438.0928645133972
2020-10-13 16:17:26.740638  | lossStd                        298.50038115243666
2020-10-13 16:17:26.740862  | lossMedian                     304.82781982421875
2020-10-13 16:17:26.740987  | lossMin                        126.3620834350586
2020-10-13 16:17:26.741065  | lossMax                        1343.0115966796875
2020-10-13 16:17:26.741381  | gradNormAverage                11817.535244750976
2020-10-13 16:17:26.741499  | gradNormStd                    10610.574370127422
2020-10-13 16:17:26.741630  | gradNormMedian                 6697.3994140625
2020-10-13 16:17:26.741740  | gradNormMin                    457.82037353515625
2020-10-13 16:17:26.741809  | gradNormMax                    39982.296875
2020-10-13 16:17:26.742017  | entropyAverage                 0.40583744291216134
2020-10-13 16:17:26.742096  | entropyStd                     0.24549450542400256
2020-10-13 16:17:26.742353  | entropyMedian                  0.40563665330410004
2020-10-13 16:17:26.742488  | entropyMin                     0.06126017868518829
2020-10-13 16:17:26.742596  | entropyMax                     1.1377816200256348
2020-10-13 16:17:26.742662  | perplexityAverage              1.6254056543111801
2020-10-13 16:17:26.742791  | perplexityStd                  0.4568814447096528
2020-10-13 16:17:26.742896  | perplexityMedian               1.5624420642852783
2020-10-13 16:17:26.742998  | perplexityMin                  1.071731448173523
2020-10-13 16:17:26.743078  | perplexityMax                  3.3058853149414062
2020-10-13 16:17:26.743325  | -----------------------------  ---------------------
2020-10-13 16:17:26.743908  | run_10_13_15_55_square_10_13_15_55 itr #4 Optimizing over 1 iterations.
2020-10-13 16:22:40.440506  | run_10_13_15_55_square_10_13_15_55 itr #5 saving snapshot...
2020-10-13 16:22:40.446252  | run_10_13_15_55_square_10_13_15_55 itr #5 saved
2020-10-13 16:22:40.454521  | -----------------------------  ----------------------
2020-10-13 16:22:40.455502  | Diagnostics/NewCompletedTrajs  11
2020-10-13 16:22:40.455584  | Diagnostics/StepsInTrajWindow  762
2020-10-13 16:22:40.455671  | Diagnostics/Iteration          5
2020-10-13 16:22:40.455737  | Diagnostics/CumTime (s)        1643.2742395401
2020-10-13 16:22:40.455796  | Diagnostics/CumSteps           768
2020-10-13 16:22:40.455854  | Diagnostics/CumCompletedTrajs  62
2020-10-13 16:22:40.455915  | Diagnostics/CumUpdates         480
2020-10-13 16:22:40.455977  | Diagnostics/StepsPerSecond     0.40800160285756853
2020-10-13 16:22:40.456045  | Diagnostics/UpdatesPerSecond   0.25500100178598034
2020-10-13 16:22:40.456104  | Diagnostics/ReplayRatio        10.0
2020-10-13 16:22:40.456232  | Diagnostics/CumReplayRatio     10.0
2020-10-13 16:22:40.456298  | LengthAverage                  12.290322580645162
2020-10-13 16:22:40.456356  | LengthStd                      11.861277601824968
2020-10-13 16:22:40.456414  | LengthMedian                   10.0
2020-10-13 16:22:40.456471  | LengthMin                      5
2020-10-13 16:22:40.456529  | LengthMax                      103
2020-10-13 16:22:40.456659  | ReturnAverage                  -11.20959032735517
2020-10-13 16:22:40.456736  | ReturnStd                      20.863985396656506
2020-10-13 16:22:40.456813  | ReturnMedian                   -8.293051332235336
2020-10-13 16:22:40.456874  | ReturnMin                      -165.84566032886505
2020-10-13 16:22:40.456933  | ReturnMax                      1.3796759843826294
2020-10-13 16:22:40.457014  | NonzeroRewardsAverage          12.290322580645162
2020-10-13 16:22:40.457073  | NonzeroRewardsStd              11.861277601824968
2020-10-13 16:22:40.457138  | NonzeroRewardsMedian           10.0
2020-10-13 16:22:40.457261  | NonzeroRewardsMin              5
2020-10-13 16:22:40.457325  | NonzeroRewardsMax              103
2020-10-13 16:22:40.457396  | DiscountedReturnAverage        -9.795507440311418
2020-10-13 16:22:40.457454  | DiscountedReturnStd            13.334312441592788
2020-10-13 16:22:40.457510  | DiscountedReturnMedian         -7.948189488611819
2020-10-13 16:22:40.457566  | DiscountedReturnMin            -102.68639795392785
2020-10-13 16:22:40.457622  | DiscountedReturnMax            1.244335537531593
2020-10-13 16:22:40.457678  | SuccessAverage                 0.2903225806451613
2020-10-13 16:22:40.457733  | SuccessStd                     0.4539112025635578
2020-10-13 16:22:40.457793  | SuccessMedian                  0.0
2020-10-13 16:22:40.457909  | SuccessMin                     False
2020-10-13 16:22:40.458087  | SuccessMax                     True
2020-10-13 16:22:40.458168  | InsertDepthAverage             -0.0071555416585380805
2020-10-13 16:22:40.458309  | InsertDepthStd                 0.010022475905286035
2020-10-13 16:22:40.458394  | InsertDepthMedian              -0.005900453363194169
2020-10-13 16:22:40.458482  | InsertDepthMin                 -0.020179130206893256
2020-10-13 16:22:40.458559  | InsertDepthMax                 0.011951029942953939
2020-10-13 16:22:40.458643  | TimeAverage                    19.889302426768886
2020-10-13 16:22:40.458720  | TimeStd                        2.0999839797369604
2020-10-13 16:22:40.458794  | TimeMedian                     20.171314358711243
2020-10-13 16:22:40.458868  | TimeMin                        9.838252544403076
2020-10-13 16:22:40.458942  | TimeMax                        23.428940773010254
2020-10-13 16:22:40.459018  | InitPosAverage                 0.0
2020-10-13 16:22:40.459190  | InitPosStd                     0.0
2020-10-13 16:22:40.459369  | InitPosMedian                  0.0
2020-10-13 16:22:40.459450  | InitPosMin                     0.0
2020-10-13 16:22:40.459524  | InitPosMax                     0.0
2020-10-13 16:22:40.459596  | InitQuatAverage                0.0
2020-10-13 16:22:40.459679  | InitQuatStd                    0.0
2020-10-13 16:22:40.459752  | InitQuatMedian                 0.0
2020-10-13 16:22:40.459840  | InitQuatMin                    0.0
2020-10-13 16:22:40.459939  | InitQuatMax                    0.0
2020-10-13 16:22:40.460253  | lossAverage                    100.72123849093914
2020-10-13 16:22:40.460340  | lossStd                        176.7055143982531
2020-10-13 16:22:40.460427  | lossMedian                     -0.7906628847122192
2020-10-13 16:22:40.460506  | lossMin                        -25.96520233154297
2020-10-13 16:22:40.460583  | lossMax                        837.4445190429688
2020-10-13 16:22:40.460659  | gradNormAverage                6388.943114089966
2020-10-13 16:22:40.460733  | gradNormStd                    7033.968798611127
2020-10-13 16:22:40.460819  | gradNormMedian                 2571.3250732421875
2020-10-13 16:22:40.460893  | gradNormMin                    449.7658386230469
2020-10-13 16:22:40.460969  | gradNormMax                    33453.76953125
2020-10-13 16:22:40.461046  | entropyAverage                 0.42631767112761737
2020-10-13 16:22:40.461121  | entropyStd                     0.10525538923929564
2020-10-13 16:22:40.461246  | entropyMedian                  0.418828547000885
2020-10-13 16:22:40.461326  | entropyMin                     0.2219102680683136
2020-10-13 16:22:40.461409  | entropyMax                     0.6593833565711975
2020-10-13 16:22:40.461482  | perplexityAverage              1.6828628569841384
2020-10-13 16:22:40.461554  | perplexityStd                  0.21239053443486863
2020-10-13 16:22:40.461636  | perplexityMedian               1.675141453742981
2020-10-13 16:22:40.461709  | perplexityMin                  1.3073381185531616
2020-10-13 16:22:40.461806  | perplexityMax                  2.1998465061187744
2020-10-13 16:22:40.461945  | -----------------------------  ----------------------
2020-10-13 16:22:40.462429  | run_10_13_15_55_square_10_13_15_55 itr #5 Optimizing over 1 iterations.
2020-10-13 16:27:24.659167  | run_10_13_15_55_square_10_13_15_55 itr #6 saving snapshot...
2020-10-13 16:27:24.664369  | run_10_13_15_55_square_10_13_15_55 itr #6 saved
2020-10-13 16:27:24.678008  | -----------------------------  ---------------------
2020-10-13 16:27:24.678612  | Diagnostics/NewCompletedTrajs  10
2020-10-13 16:27:24.679569  | Diagnostics/StepsInTrajWindow  886
2020-10-13 16:27:24.679888  | Diagnostics/Iteration          6
2020-10-13 16:27:24.679969  | Diagnostics/CumTime (s)        1927.4924368858337
2020-10-13 16:27:24.680021  | Diagnostics/CumSteps           896
2020-10-13 16:27:24.680079  | Diagnostics/CumCompletedTrajs  72
2020-10-13 16:27:24.680128  | Diagnostics/CumUpdates         560
2020-10-13 16:27:24.680185  | Diagnostics/StepsPerSecond     0.45035821490450173
2020-10-13 16:27:24.680241  | Diagnostics/UpdatesPerSecond   0.2814738843153136
2020-10-13 16:27:24.680303  | Diagnostics/ReplayRatio        10.0
2020-10-13 16:27:24.680365  | Diagnostics/CumReplayRatio     10.0
2020-10-13 16:27:24.680408  | LengthAverage                  12.305555555555555
2020-10-13 16:27:24.680462  | LengthStd                      11.142559661158163
2020-10-13 16:27:24.680513  | LengthMedian                   10.0
2020-10-13 16:27:24.680546  | LengthMin                      5
2020-10-13 16:27:24.680584  | LengthMax                      103
2020-10-13 16:27:24.680632  | ReturnAverage                  -11.376626585920652
2020-10-13 16:27:24.680670  | ReturnStd                      19.668641303430377
2020-10-13 16:27:24.680723  | ReturnMedian                   -7.997045397758484
2020-10-13 16:27:24.680788  | ReturnMin                      -165.84566032886505
2020-10-13 16:27:24.680847  | ReturnMax                      1.3796759843826294
2020-10-13 16:27:24.680902  | NonzeroRewardsAverage          12.305555555555555
2020-10-13 16:27:24.680963  | NonzeroRewardsStd              11.142559661158163
2020-10-13 16:27:24.681020  | NonzeroRewardsMedian           10.0
2020-10-13 16:27:24.681080  | NonzeroRewardsMin              5
2020-10-13 16:27:24.681135  | NonzeroRewardsMax              103
2020-10-13 16:27:24.681196  | DiscountedReturnAverage        -10.042953558810565
2020-10-13 16:27:24.681237  | DiscountedReturnStd            12.74792421064791
2020-10-13 16:27:24.681291  | DiscountedReturnMedian         -7.654069236132581
2020-10-13 16:27:24.681345  | DiscountedReturnMin            -102.68639795392785
2020-10-13 16:27:24.681380  | DiscountedReturnMax            1.244335537531593
2020-10-13 16:27:24.681410  | SuccessAverage                 0.25
2020-10-13 16:27:24.681440  | SuccessStd                     0.4330127018922193
2020-10-13 16:27:24.681483  | SuccessMedian                  0.0
2020-10-13 16:27:24.681516  | SuccessMin                     False
2020-10-13 16:27:24.681571  | SuccessMax                     True
2020-10-13 16:27:24.681630  | InsertDepthAverage             -0.006578220661849434
2020-10-13 16:27:24.681687  | InsertDepthStd                 0.009714987073505328
2020-10-13 16:27:24.681742  | InsertDepthMedian              -0.005604020362959386
2020-10-13 16:27:24.681798  | InsertDepthMin                 -0.020179130206893256
2020-10-13 16:27:24.682517  | InsertDepthMax                 0.011951029942953939
2020-10-13 16:27:24.682610  | TimeAverage                    19.985835651556652
2020-10-13 16:27:24.682672  | TimeStd                        1.9740290032703502
2020-10-13 16:27:24.682725  | TimeMedian                     20.171724557876587
2020-10-13 16:27:24.682781  | TimeMin                        9.838252544403076
2020-10-13 16:27:24.682829  | TimeMax                        23.428940773010254
2020-10-13 16:27:24.682884  | InitPosAverage                 0.0
2020-10-13 16:27:24.682938  | InitPosStd                     0.0
2020-10-13 16:27:24.683019  | InitPosMedian                  0.0
2020-10-13 16:27:24.683072  | InitPosMin                     0.0
2020-10-13 16:27:24.683127  | InitPosMax                     0.0
2020-10-13 16:27:24.683163  | InitQuatAverage                0.0
2020-10-13 16:27:24.683194  | InitQuatStd                    0.0
2020-10-13 16:27:24.683224  | InitQuatMedian                 0.0
2020-10-13 16:27:24.683254  | InitQuatMin                    0.0
2020-10-13 16:27:24.683289  | InitQuatMax                    0.0
2020-10-13 16:27:24.683340  | lossAverage                    20.413508966565132
2020-10-13 16:27:24.683392  | lossStd                        9.92598867635165
2020-10-13 16:27:24.683426  | lossMedian                     18.591431617736816
2020-10-13 16:27:24.683456  | lossMin                        3.7559921741485596
2020-10-13 16:27:24.683485  | lossMax                        50.40868377685547
2020-10-13 16:27:24.683514  | gradNormAverage                1059.309129333496
2020-10-13 16:27:24.683543  | gradNormStd                    523.8303097666807
2020-10-13 16:27:24.683573  | gradNormMedian                 947.6408081054688
2020-10-13 16:27:24.683602  | gradNormMin                    230.5745849609375
2020-10-13 16:27:24.683631  | gradNormMax                    3135.420654296875
2020-10-13 16:27:24.683661  | entropyAverage                 0.6871344599872827
2020-10-13 16:27:24.683691  | entropyStd                     0.11939531072963133
2020-10-13 16:27:24.683720  | entropyMedian                  0.7109888792037964
2020-10-13 16:27:24.683749  | entropyMin                     0.3792809844017029
2020-10-13 16:27:24.683779  | entropyMax                     0.9158328771591187
2020-10-13 16:27:24.683808  | perplexityAverage              2.271841037273407
2020-10-13 16:27:24.683840  | perplexityStd                  0.2940347950748868
2020-10-13 16:27:24.683871  | perplexityMedian               2.2827963829040527
2020-10-13 16:27:24.683901  | perplexityMin                  1.6570836305618286
2020-10-13 16:27:24.683930  | perplexityMax                  2.9371893405914307
2020-10-13 16:27:24.683960  | -----------------------------  ---------------------
2020-10-13 16:27:24.684255  | run_10_13_15_55_square_10_13_15_55 itr #6 Optimizing over 1 iterations.
2020-10-13 16:31:30.864125  | run_10_13_15_55_square_10_13_15_55 itr #7 saving snapshot...
2020-10-13 16:31:30.873564  | run_10_13_15_55_square_10_13_15_55 itr #7 saved
2020-10-13 16:31:30.887362  | -----------------------------  ---------------------
2020-10-13 16:31:30.887493  | Diagnostics/NewCompletedTrajs  9
2020-10-13 16:31:30.887546  | Diagnostics/StepsInTrajWindow  1012
2020-10-13 16:31:30.887588  | Diagnostics/Iteration          7
2020-10-13 16:31:30.887629  | Diagnostics/CumTime (s)        2173.7058050632477
2020-10-13 16:31:30.887669  | Diagnostics/CumSteps           1024
2020-10-13 16:31:30.887709  | Diagnostics/CumCompletedTrajs  81
2020-10-13 16:31:30.887748  | Diagnostics/CumUpdates         640
2020-10-13 16:31:30.887787  | Diagnostics/StepsPerSecond     0.5198742901228948
2020-10-13 16:31:30.887826  | Diagnostics/UpdatesPerSecond   0.32492143132680923
2020-10-13 16:31:30.887865  | Diagnostics/ReplayRatio        10.0
2020-10-13 16:31:30.887905  | Diagnostics/CumReplayRatio     10.0
2020-10-13 16:31:30.887945  | LengthAverage                  12.493827160493828
2020-10-13 16:31:30.887986  | LengthStd                      10.620412975614256
2020-10-13 16:31:30.888025  | LengthMedian                   11.0
2020-10-13 16:31:30.888065  | LengthMin                      5
2020-10-13 16:31:30.888105  | LengthMax                      103
2020-10-13 16:31:30.888145  | ReturnAverage                  -12.000835534231163
2020-10-13 16:31:30.888186  | ReturnStd                      18.825239902000643
2020-10-13 16:31:30.888224  | ReturnMedian                   -8.676086068153381
2020-10-13 16:31:30.888263  | ReturnMin                      -165.84566032886505
2020-10-13 16:31:30.888303  | ReturnMax                      1.3796759843826294
2020-10-13 16:31:30.888368  | NonzeroRewardsAverage          12.493827160493828
2020-10-13 16:31:30.888411  | NonzeroRewardsStd              10.620412975614256
2020-10-13 16:31:30.888450  | NonzeroRewardsMedian           11.0
2020-10-13 16:31:30.888488  | NonzeroRewardsMin              5
2020-10-13 16:31:30.888525  | NonzeroRewardsMax              103
2020-10-13 16:31:30.888563  | DiscountedReturnAverage        -10.677980012421001
2020-10-13 16:31:30.888601  | DiscountedReturnStd            12.380283374710748
2020-10-13 16:31:30.888640  | DiscountedReturnMedian         -8.292384537409937
2020-10-13 16:31:30.888679  | DiscountedReturnMin            -102.68639795392785
2020-10-13 16:31:30.888719  | DiscountedReturnMax            1.244335537531593
2020-10-13 16:31:30.888758  | SuccessAverage                 0.2222222222222222
2020-10-13 16:31:30.888796  | SuccessStd                     0.41573970964154905
2020-10-13 16:31:30.888834  | SuccessMedian                  0.0
2020-10-13 16:31:30.888874  | SuccessMin                     False
2020-10-13 16:31:30.888912  | SuccessMax                     True
2020-10-13 16:31:30.888952  | InsertDepthAverage             -0.005914809652122855
2020-10-13 16:31:30.888991  | InsertDepthStd                 0.009603454557208436
2020-10-13 16:31:30.889033  | InsertDepthMedian              -0.005120765982667613
2020-10-13 16:31:30.889073  | InsertDepthMin                 -0.020179130206893256
2020-10-13 16:31:30.889111  | InsertDepthMax                 0.011951029942953939
2020-10-13 16:31:30.889151  | TimeAverage                    20.05120845782904
2020-10-13 16:31:30.889189  | TimeStd                        1.8766637378171993
2020-10-13 16:31:30.889227  | TimeMedian                     20.176520109176636
2020-10-13 16:31:30.889268  | TimeMin                        9.838252544403076
2020-10-13 16:31:30.889302  | TimeMax                        23.428940773010254
2020-10-13 16:31:30.889333  | InitPosAverage                 0.0
2020-10-13 16:31:30.889364  | InitPosStd                     0.0
2020-10-13 16:31:30.889395  | InitPosMedian                  0.0
2020-10-13 16:31:30.889425  | InitPosMin                     0.0
2020-10-13 16:31:30.889455  | InitPosMax                     0.0
2020-10-13 16:31:30.889485  | InitQuatAverage                0.0
2020-10-13 16:31:30.889515  | InitQuatStd                    0.0
2020-10-13 16:31:30.889545  | InitQuatMedian                 0.0
2020-10-13 16:31:30.889575  | InitQuatMin                    0.0
2020-10-13 16:31:30.889605  | InitQuatMax                    0.0
2020-10-13 16:31:30.889636  | lossAverage                    30.143845200538635
2020-10-13 16:31:30.889666  | lossStd                        11.607291053538242
2020-10-13 16:31:30.889695  | lossMedian                     29.943440437316895
2020-10-13 16:31:30.889726  | lossMin                        8.22716999053955
2020-10-13 16:31:30.889756  | lossMax                        72.11881256103516
2020-10-13 16:31:30.889786  | gradNormAverage                1402.4133995056152
2020-10-13 16:31:30.889816  | gradNormStd                    676.5499577389152
2020-10-13 16:31:30.889963  | gradNormMedian                 1207.7633666992188
2020-10-13 16:31:30.890018  | gradNormMin                    515.73583984375
2020-10-13 16:31:30.890062  | gradNormMax                    3951.5244140625
2020-10-13 16:31:30.890103  | entropyAverage                 0.6950008790940047
2020-10-13 16:31:30.890147  | entropyStd                     0.14927708567306297
2020-10-13 16:31:30.890187  | entropyMedian                  0.6805581450462341
2020-10-13 16:31:30.890228  | entropyMin                     0.3661869168281555
2020-10-13 16:31:30.890269  | entropyMax                     1.0496599674224854
2020-10-13 16:31:30.890309  | perplexityAverage              2.4459177538752557
2020-10-13 16:31:30.890350  | perplexityStd                  0.3883975590868006
2020-10-13 16:31:30.890390  | perplexityMedian               2.430598497390747
2020-10-13 16:31:30.890430  | perplexityMin                  1.6670336723327637
2020-10-13 16:31:30.890470  | perplexityMax                  3.3887033462524414
2020-10-13 16:31:30.890527  | -----------------------------  ---------------------
2020-10-13 16:31:30.890790  | run_10_13_15_55_square_10_13_15_55 itr #7 Optimizing over 1 iterations.
