2020-10-17 07:21:20.870311  | run_10_17_07_21_round_10_17_07_21 Runner  master CPU affinity: [0, 1, 2, 3, 4, 5, 6, 7, 8, 9, 10, 11, 12, 13, 14, 15].
2020-10-17 07:21:20.870354  | run_10_17_07_21_round_10_17_07_21 Runner  master Torch threads: 8.
2020-10-17 07:21:23.102936  | run_10_17_07_21_round_10_17_07_21 Sampler rank 0 initialized, CPU affinity [8], Torch threads 1, Seed 19
2020-10-17 07:21:23.121150  | run_10_17_07_21_round_10_17_07_21 Sampler rank 1 initialized, CPU affinity [9], Torch threads 1, Seed 20
2020-10-17 07:21:23.149376  | run_10_17_07_21_round_10_17_07_21 Sampler rank 2 initialized, CPU affinity [10], Torch threads 1, Seed 21
2020-10-17 07:21:23.160821  | run_10_17_07_21_round_10_17_07_21 Sampler rank 3 initialized, CPU affinity [11], Torch threads 1, Seed 22
2020-10-17 07:21:27.959493  | run_10_17_07_21_round_10_17_07_21 Sampler decorrelating envs, max steps: 10
2020-10-17 07:21:39.178646  | run_10_17_07_21_round_10_17_07_21 Running 488 iterations of minibatch RL.
2020-10-17 07:21:40.666168  | run_10_17_07_21_round_10_17_07_21 Initialized agent model on device: cuda:1.
2020-10-17 07:21:40.666618  | run_10_17_07_21_round_10_17_07_21 Optimizing over 1 iterations.
2020-10-17 07:26:54.150104  | run_10_17_07_21_round_10_17_07_21 itr #0 saving snapshot...
2020-10-17 07:26:54.153453  | run_10_17_07_21_round_10_17_07_21 itr #0 saved
2020-10-17 07:26:54.176445  | -----------------------------  ---------------------
2020-10-17 07:26:54.176496  | Diagnostics/NewCompletedTrajs  229
2020-10-17 07:26:54.176519  | Diagnostics/StepsInTrajWindow  859
2020-10-17 07:26:54.176537  | Diagnostics/Iteration          0
2020-10-17 07:26:54.176554  | Diagnostics/CumTime (s)        313.4868469238281
2020-10-17 07:26:54.176570  | Diagnostics/CumSteps           2048
2020-10-17 07:26:54.176586  | Diagnostics/CumCompletedTrajs  229
2020-10-17 07:26:54.176602  | Diagnostics/CumUpdates         320
2020-10-17 07:26:54.176617  | Diagnostics/StepsPerSecond     nan
2020-10-17 07:26:54.176632  | Diagnostics/UpdatesPerSecond   nan
2020-10-17 07:26:54.176648  | Diagnostics/ReplayRatio        10.0
2020-10-17 07:26:54.176663  | Diagnostics/CumReplayRatio     10.0
2020-10-17 07:26:54.176679  | LengthAverage                  8.59
2020-10-17 07:26:54.176694  | LengthStd                      4.363702556316138
2020-10-17 07:26:54.176710  | LengthMedian                   6.0
2020-10-17 07:26:54.176725  | LengthMin                      3
2020-10-17 07:26:54.176741  | LengthMax                      20
2020-10-17 07:26:54.176757  | ReturnAverage                  -10.410397679507732
2020-10-17 07:26:54.176772  | ReturnStd                      11.195589652970186
2020-10-17 07:26:54.176788  | ReturnMedian                   -5.296081066131592
2020-10-17 07:26:54.176804  | ReturnMin                      -42.48577928543091
2020-10-17 07:26:54.176819  | ReturnMax                      2.07887864112854
2020-10-17 07:26:54.176835  | NonzeroRewardsAverage          8.59
2020-10-17 07:26:54.176851  | NonzeroRewardsStd              4.363702556316138
2020-10-17 07:26:54.176866  | NonzeroRewardsMedian           6.0
2020-10-17 07:26:54.176880  | NonzeroRewardsMin              3
2020-10-17 07:26:54.176895  | NonzeroRewardsMax              20
2020-10-17 07:26:54.176909  | DiscountedReturnAverage        -9.949099588568068
2020-10-17 07:26:54.176923  | DiscountedReturnStd            10.30884823751328
2020-10-17 07:26:54.176937  | DiscountedReturnMedian         -5.29440597691606
2020-10-17 07:26:54.176951  | DiscountedReturnMin            -39.19246840587076
2020-10-17 07:26:54.176965  | DiscountedReturnMax            1.9982214352130887
2020-10-17 07:26:54.176980  | SuccessAverage                 0.84
2020-10-17 07:26:54.176996  | SuccessStd                     0.36660605559646725
2020-10-17 07:26:54.177011  | SuccessMedian                  1.0
2020-10-17 07:26:54.177026  | SuccessMin                     False
2020-10-17 07:26:54.177041  | SuccessMax                     True
2020-10-17 07:26:54.177056  | InsertDepthAverage             -0.015568598739925048
2020-10-17 07:26:54.177071  | InsertDepthStd                 0.006487744719275841
2020-10-17 07:26:54.177096  | InsertDepthMedian              -0.018211009548616208
2020-10-17 07:26:54.177112  | InsertDepthMin                 -0.019973167641580178
2020-10-17 07:26:54.177126  | InsertDepthMax                 0.001624514754117068
2020-10-17 07:26:54.177141  | lossAverage                    41.19932287931442
2020-10-17 07:26:54.177156  | lossStd                        9.983883391878601
2020-10-17 07:26:54.177171  | lossMedian                     40.25056838989258
2020-10-17 07:26:54.177186  | lossMin                        22.204282760620117
2020-10-17 07:26:54.177202  | lossMax                        91.83576202392578
2020-10-17 07:26:54.177217  | gradNormAverage                3794.6651287078857
2020-10-17 07:26:54.177232  | gradNormStd                    2362.702441798844
2020-10-17 07:26:54.177246  | gradNormMedian                 3226.3914794921875
2020-10-17 07:26:54.177261  | gradNormMin                    803.3927001953125
2020-10-17 07:26:54.177276  | gradNormMax                    17160.1484375
2020-10-17 07:26:54.177291  | entropyAverage                 0.7450310146436095
2020-10-17 07:26:54.177306  | entropyStd                     0.13970078254600127
2020-10-17 07:26:54.177321  | entropyMedian                  0.7304373681545258
2020-10-17 07:26:54.177337  | entropyMin                     0.4551103413105011
2020-10-17 07:26:54.177352  | entropyMax                     1.0354071855545044
2020-10-17 07:26:54.177367  | perplexityAverage              2.575585538893938
2020-10-17 07:26:54.177382  | perplexityStd                  0.3830227421186739
2020-10-17 07:26:54.177395  | perplexityMedian               2.5485432147979736
2020-10-17 07:26:54.177409  | perplexityMin                  1.7874159812927246
2020-10-17 07:26:54.177423  | perplexityMax                  3.5483012199401855
2020-10-17 07:26:54.177436  | -----------------------------  ---------------------
2020-10-17 07:26:54.177655  | run_10_17_07_21_round_10_17_07_21 itr #0 Optimizing over 1 iterations.
2020-10-17 07:31:54.789603  | run_10_17_07_21_round_10_17_07_21 itr #1 saving snapshot...
2020-10-17 07:31:54.792883  | run_10_17_07_21_round_10_17_07_21 itr #1 saved
2020-10-17 07:31:54.815218  | -----------------------------  ---------------------
2020-10-17 07:31:54.815266  | Diagnostics/NewCompletedTrajs  208
2020-10-17 07:31:54.815290  | Diagnostics/StepsInTrajWindow  959
2020-10-17 07:31:54.815309  | Diagnostics/Iteration          1
2020-10-17 07:31:54.815328  | Diagnostics/CumTime (s)        614.1262755393982
2020-10-17 07:31:54.815346  | Diagnostics/CumSteps           4096
2020-10-17 07:31:54.815363  | Diagnostics/CumCompletedTrajs  437
2020-10-17 07:31:54.815380  | Diagnostics/CumUpdates         640
2020-10-17 07:31:54.815396  | Diagnostics/StepsPerSecond     6.812147060786206
2020-10-17 07:31:54.815413  | Diagnostics/UpdatesPerSecond   1.0643979782478448
2020-10-17 07:31:54.815430  | Diagnostics/ReplayRatio        10.0
2020-10-17 07:31:54.815447  | Diagnostics/CumReplayRatio     10.0
2020-10-17 07:31:54.815463  | LengthAverage                  9.59
2020-10-17 07:31:54.815480  | LengthStd                      5.08349289367065
2020-10-17 07:31:54.815496  | LengthMedian                   7.0
2020-10-17 07:31:54.815512  | LengthMin                      4
2020-10-17 07:31:54.815529  | LengthMax                      22
2020-10-17 07:31:54.815546  | ReturnAverage                  -12.91505951821804
2020-10-17 07:31:54.815562  | ReturnStd                      12.960497859975247
2020-10-17 07:31:54.815579  | ReturnMedian                   -6.982832551002502
2020-10-17 07:31:54.815596  | ReturnMin                      -50.206491351127625
2020-10-17 07:31:54.815612  | ReturnMax                      0.11358201503753662
2020-10-17 07:31:54.815628  | NonzeroRewardsAverage          9.59
2020-10-17 07:31:54.815644  | NonzeroRewardsStd              5.08349289367065
2020-10-17 07:31:54.815659  | NonzeroRewardsMedian           7.0
2020-10-17 07:31:54.815674  | NonzeroRewardsMin              4
2020-10-17 07:31:54.815696  | NonzeroRewardsMax              22
2020-10-17 07:31:54.815712  | DiscountedReturnAverage        -12.23789677223405
2020-10-17 07:31:54.815727  | DiscountedReturnStd            11.812872127709136
2020-10-17 07:31:54.815743  | DiscountedReturnMedian         -6.9483832021877365
2020-10-17 07:31:54.815759  | DiscountedReturnMin            -45.410195063001154
2020-10-17 07:31:54.815774  | DiscountedReturnMax            0.006140603754043461
2020-10-17 07:31:54.815789  | SuccessAverage                 0.8
2020-10-17 07:31:54.815803  | SuccessStd                     0.4
2020-10-17 07:31:54.815818  | SuccessMedian                  1.0
2020-10-17 07:31:54.815834  | SuccessMin                     False
2020-10-17 07:31:54.815849  | SuccessMax                     True
2020-10-17 07:31:54.815863  | InsertDepthAverage             -0.014709851763652146
2020-10-17 07:31:54.815878  | InsertDepthStd                 0.007286471457247238
2020-10-17 07:31:54.815892  | InsertDepthMedian              -0.01822712741256846
2020-10-17 07:31:54.815907  | InsertDepthMin                 -0.01930604850946957
2020-10-17 07:31:54.815922  | InsertDepthMax                 0.00347947183889466
2020-10-17 07:31:54.815937  | lossAverage                    43.738458913564685
2020-10-17 07:31:54.815952  | lossStd                        8.996176703866412
2020-10-17 07:31:54.815967  | lossMedian                     43.737417221069336
2020-10-17 07:31:54.815982  | lossMin                        19.899375915527344
2020-10-17 07:31:54.815997  | lossMax                        72.76226043701172
2020-10-17 07:31:54.816012  | gradNormAverage                3779.444783782959
2020-10-17 07:31:54.816027  | gradNormStd                    2286.4417387909266
2020-10-17 07:31:54.816042  | gradNormMedian                 3174.3759765625
2020-10-17 07:31:54.816057  | gradNormMin                    976.31982421875
2020-10-17 07:31:54.816072  | gradNormMax                    12882.791015625
2020-10-17 07:31:54.816088  | entropyAverage                 0.9004645597189664
2020-10-17 07:31:54.816103  | entropyStd                     0.07769096017636441
2020-10-17 07:31:54.816117  | entropyMedian                  0.9033801555633545
2020-10-17 07:31:54.816132  | entropyMin                     0.6966427564620972
2020-10-17 07:31:54.816147  | entropyMax                     1.08498215675354
2020-10-17 07:31:54.816160  | perplexityAverage              2.9541222736239434
2020-10-17 07:31:54.816174  | perplexityStd                  0.24655579288052626
2020-10-17 07:31:54.816187  | perplexityMedian               2.9520715475082397
2020-10-17 07:31:54.816201  | perplexityMin                  2.2935235500335693
2020-10-17 07:31:54.816215  | perplexityMax                  3.61980938911438
2020-10-17 07:31:54.816229  | -----------------------------  ---------------------
2020-10-17 07:31:54.816357  | run_10_17_07_21_round_10_17_07_21 itr #1 Optimizing over 1 iterations.
2020-10-17 07:37:15.470496  | run_10_17_07_21_round_10_17_07_21 itr #2 saving snapshot...
2020-10-17 07:37:15.474220  | run_10_17_07_21_round_10_17_07_21 itr #2 saved
2020-10-17 07:37:15.506362  | -----------------------------  ---------------------
2020-10-17 07:37:15.506407  | Diagnostics/NewCompletedTrajs  128
2020-10-17 07:37:15.506421  | Diagnostics/StepsInTrajWindow  907
2020-10-17 07:37:15.506432  | Diagnostics/Iteration          2
2020-10-17 07:37:15.506442  | Diagnostics/CumTime (s)        934.8076319694519
2020-10-17 07:37:15.506453  | Diagnostics/CumSteps           6144
2020-10-17 07:37:15.506463  | Diagnostics/CumCompletedTrajs  565
2020-10-17 07:37:15.506472  | Diagnostics/CumUpdates         960
2020-10-17 07:37:15.506482  | Diagnostics/StepsPerSecond     6.386401825160999
2020-10-17 07:37:15.506491  | Diagnostics/UpdatesPerSecond   0.9978752851814061
2020-10-17 07:37:15.506501  | Diagnostics/ReplayRatio        10.0
2020-10-17 07:37:15.506510  | Diagnostics/CumReplayRatio     10.0
2020-10-17 07:37:15.506520  | LengthAverage                  9.07
2020-10-17 07:37:15.506529  | LengthStd                      5.212014965442827
2020-10-17 07:37:15.506545  | LengthMedian                   6.0
2020-10-17 07:37:15.506555  | LengthMin                      4
2020-10-17 07:37:15.506564  | LengthMax                      31
2020-10-17 07:37:15.506574  | ReturnAverage                  -12.155566103756428
2020-10-17 07:37:15.506584  | ReturnStd                      13.864997826515047
2020-10-17 07:37:15.506593  | ReturnMedian                   -4.986705183982849
2020-10-17 07:37:15.506602  | ReturnMin                      -54.89579200744629
2020-10-17 07:37:15.506611  | ReturnMax                      0.23203933238983154
2020-10-17 07:37:15.506621  | NonzeroRewardsAverage          9.07
2020-10-17 07:37:15.506629  | NonzeroRewardsStd              5.212014965442827
2020-10-17 07:37:15.506639  | NonzeroRewardsMedian           6.0
2020-10-17 07:37:15.506648  | NonzeroRewardsMin              4
2020-10-17 07:37:15.506656  | NonzeroRewardsMax              31
2020-10-17 07:37:15.506664  | DiscountedReturnAverage        -11.507165659973516
2020-10-17 07:37:15.506672  | DiscountedReturnStd            12.591753261848703
2020-10-17 07:37:15.506680  | DiscountedReturnMedian         -5.006487548840763
2020-10-17 07:37:15.506689  | DiscountedReturnMin            -48.82614953247155
2020-10-17 07:37:15.506697  | DiscountedReturnMax            0.12340067423772805
2020-10-17 07:37:15.506705  | SuccessAverage                 0.83
2020-10-17 07:37:15.506714  | SuccessStd                     0.375632799419859
2020-10-17 07:37:15.506722  | SuccessMedian                  1.0
2020-10-17 07:37:15.506730  | SuccessMin                     False
2020-10-17 07:37:15.506739  | SuccessMax                     True
2020-10-17 07:37:15.506747  | InsertDepthAverage             -0.015222736960277934
2020-10-17 07:37:15.506755  | InsertDepthStd                 0.006997110469244316
2020-10-17 07:37:15.506763  | InsertDepthMedian              -0.01822250968477236
2020-10-17 07:37:15.506771  | InsertDepthMin                 -0.019955439535879582
2020-10-17 07:37:15.506780  | InsertDepthMax                 0.0025808781235847067
2020-10-17 07:37:15.506790  | lossAverage                    41.19525765478611
2020-10-17 07:37:15.506799  | lossStd                        11.795504573036265
2020-10-17 07:37:15.506808  | lossMedian                     39.92288398742676
2020-10-17 07:37:15.506817  | lossMin                        14.877453804016113
2020-10-17 07:37:15.506826  | lossMax                        84.09849548339844
2020-10-17 07:37:15.506839  | gradNormAverage                3978.2749643325806
2020-10-17 07:37:15.506853  | gradNormStd                    2586.3864401284213
2020-10-17 07:37:15.506861  | gradNormMedian                 3388.5042724609375
2020-10-17 07:37:15.506869  | gradNormMin                    954.4564819335938
2020-10-17 07:37:15.506878  | gradNormMax                    22235.576171875
2020-10-17 07:37:15.506886  | entropyAverage                 0.8309760956093669
2020-10-17 07:37:15.506894  | entropyStd                     0.07768186622799243
2020-10-17 07:37:15.506902  | entropyMedian                  0.8296671509742737
2020-10-17 07:37:15.506910  | entropyMin                     0.6362906694412231
2020-10-17 07:37:15.506918  | entropyMax                     1.0570365190505981
2020-10-17 07:37:15.506926  | perplexityAverage              2.8242249377071857
2020-10-17 07:37:15.506934  | perplexityStd                  0.24083282204336035
2020-10-17 07:37:15.506942  | perplexityMedian               2.8228607177734375
2020-10-17 07:37:15.506950  | perplexityMin                  2.215763568878174
2020-10-17 07:37:15.506958  | perplexityMax                  3.511573553085327
2020-10-17 07:37:15.506967  | -----------------------------  ---------------------
2020-10-17 07:37:15.507045  | run_10_17_07_21_round_10_17_07_21 itr #2 Optimizing over 1 iterations.
2020-10-17 07:42:04.454774  | run_10_17_07_21_round_10_17_07_21 itr #3 saving snapshot...
2020-10-17 07:42:04.457971  | run_10_17_07_21_round_10_17_07_21 itr #3 saved
2020-10-17 07:42:04.480335  | -----------------------------  ---------------------
2020-10-17 07:42:04.480392  | Diagnostics/NewCompletedTrajs  274
2020-10-17 07:42:04.480414  | Diagnostics/StepsInTrajWindow  984
2020-10-17 07:42:04.480430  | Diagnostics/Iteration          3
2020-10-17 07:42:04.480444  | Diagnostics/CumTime (s)        1223.7913658618927
2020-10-17 07:42:04.480459  | Diagnostics/CumSteps           8192
2020-10-17 07:42:04.480474  | Diagnostics/CumCompletedTrajs  839
2020-10-17 07:42:04.480489  | Diagnostics/CumUpdates         1280
2020-10-17 07:42:04.480503  | Diagnostics/StepsPerSecond     7.0869040703940165
2020-10-17 07:42:04.480519  | Diagnostics/UpdatesPerSecond   1.1073287609990652
2020-10-17 07:42:04.480534  | Diagnostics/ReplayRatio        10.0
2020-10-17 07:42:04.480549  | Diagnostics/CumReplayRatio     10.0
2020-10-17 07:42:04.480563  | LengthAverage                  9.84
2020-10-17 07:42:04.480578  | LengthStd                      5.484013129087129
2020-10-17 07:42:04.480594  | LengthMedian                   8.0
2020-10-17 07:42:04.480609  | LengthMin                      4
2020-10-17 07:42:04.480624  | LengthMax                      27
2020-10-17 07:42:04.480638  | ReturnAverage                  -13.686378606557845
2020-10-17 07:42:04.480653  | ReturnStd                      14.265971385682347
2020-10-17 07:42:04.480667  | ReturnMedian                   -7.6217091381549835
2020-10-17 07:42:04.480683  | ReturnMin                      -51.9096794128418
2020-10-17 07:42:04.480698  | ReturnMax                      0.16992998123168945
2020-10-17 07:42:04.480713  | NonzeroRewardsAverage          9.84
2020-10-17 07:42:04.480729  | NonzeroRewardsStd              5.484013129087129
2020-10-17 07:42:04.480743  | NonzeroRewardsMedian           8.0
2020-10-17 07:42:04.480758  | NonzeroRewardsMin              4
2020-10-17 07:42:04.480773  | NonzeroRewardsMax              27
2020-10-17 07:42:04.480789  | DiscountedReturnAverage        -12.894133623336034
2020-10-17 07:42:04.480804  | DiscountedReturnStd            12.92355260909582
2020-10-17 07:42:04.480819  | DiscountedReturnMedian         -7.5868844092500165
2020-10-17 07:42:04.480835  | DiscountedReturnMin            -47.840188121590856
2020-10-17 07:42:04.480850  | DiscountedReturnMax            0.06144557978248599
2020-10-17 07:42:04.480865  | SuccessAverage                 0.8
2020-10-17 07:42:04.480880  | SuccessStd                     0.4
2020-10-17 07:42:04.480894  | SuccessMedian                  1.0
2020-10-17 07:42:04.480908  | SuccessMin                     False
2020-10-17 07:42:04.480922  | SuccessMax                     True
2020-10-17 07:42:04.480935  | InsertDepthAverage             -0.015250129555495729
2020-10-17 07:42:04.480949  | InsertDepthStd                 0.009555034303294534
2020-10-17 07:42:04.480962  | InsertDepthMedian              -0.018199772154877697
2020-10-17 07:42:04.480976  | InsertDepthMin                 -0.07376596300228772
2020-10-17 07:42:04.480990  | InsertDepthMax                 0.002920583147189043
2020-10-17 07:42:04.481005  | lossAverage                    43.18852791786194
2020-10-17 07:42:04.481020  | lossStd                        9.062994283718355
2020-10-17 07:42:04.481034  | lossMedian                     42.470388412475586
2020-10-17 07:42:04.481049  | lossMin                        22.29130744934082
2020-10-17 07:42:04.481063  | lossMax                        71.53294372558594
2020-10-17 07:42:04.481079  | gradNormAverage                3937.00364074707
2020-10-17 07:42:04.481093  | gradNormStd                    2181.7567404076385
2020-10-17 07:42:04.481108  | gradNormMedian                 3487.51025390625
2020-10-17 07:42:04.481122  | gradNormMin                    919.2421875
2020-10-17 07:42:04.481137  | gradNormMax                    12105.1640625
2020-10-17 07:42:04.481151  | entropyAverage                 0.8500443520024419
2020-10-17 07:42:04.481167  | entropyStd                     0.08121677684100986
2020-10-17 07:42:04.481181  | entropyMedian                  0.8511495292186737
2020-10-17 07:42:04.481197  | entropyMin                     0.65831059217453
2020-10-17 07:42:04.481217  | entropyMax                     1.0686132907867432
2020-10-17 07:42:04.481233  | perplexityAverage              2.831525927782059
2020-10-17 07:42:04.481248  | perplexityStd                  0.24951749815126215
2020-10-17 07:42:04.481263  | perplexityMedian               2.819221019744873
2020-10-17 07:42:04.481278  | perplexityMin                  2.224510908126831
2020-10-17 07:42:04.481293  | perplexityMax                  3.47438907623291
2020-10-17 07:42:04.481308  | -----------------------------  ---------------------
2020-10-17 07:42:04.481445  | run_10_17_07_21_round_10_17_07_21 itr #3 Optimizing over 1 iterations.
2020-10-17 07:47:01.685131  | run_10_17_07_21_round_10_17_07_21 itr #4 saving snapshot...
2020-10-17 07:47:01.688467  | run_10_17_07_21_round_10_17_07_21 itr #4 saved
2020-10-17 07:47:01.710918  | -----------------------------  ---------------------
2020-10-17 07:47:01.710969  | Diagnostics/NewCompletedTrajs  128
2020-10-17 07:47:01.710991  | Diagnostics/StepsInTrajWindow  957
2020-10-17 07:47:01.711009  | Diagnostics/Iteration          4
2020-10-17 07:47:01.711026  | Diagnostics/CumTime (s)        1521.0218603610992
2020-10-17 07:47:01.711042  | Diagnostics/CumSteps           10240
2020-10-17 07:47:01.711058  | Diagnostics/CumCompletedTrajs  967
2020-10-17 07:47:01.711072  | Diagnostics/CumUpdates         1600
2020-10-17 07:47:01.711086  | Diagnostics/StepsPerSecond     6.890275519847332
2020-10-17 07:47:01.711100  | Diagnostics/UpdatesPerSecond   1.0766055499761458
2020-10-17 07:47:01.711115  | Diagnostics/ReplayRatio        10.0
2020-10-17 07:47:01.711130  | Diagnostics/CumReplayRatio     10.0
2020-10-17 07:47:01.711145  | LengthAverage                  9.57
2020-10-17 07:47:01.711160  | LengthStd                      5.402323574166953
2020-10-17 07:47:01.711175  | LengthMedian                   7.0
2020-10-17 07:47:01.711190  | LengthMin                      4
2020-10-17 07:47:01.711206  | LengthMax                      25
2020-10-17 07:47:01.711221  | ReturnAverage                  -13.433081138134003
2020-10-17 07:47:01.711237  | ReturnStd                      14.241453972308797
2020-10-17 07:47:01.711252  | ReturnMedian                   -7.008062481880188
2020-10-17 07:47:01.711267  | ReturnMin                      -45.00550174713135
2020-10-17 07:47:01.711282  | ReturnMax                      0.11162257194519043
2020-10-17 07:47:01.711297  | NonzeroRewardsAverage          9.57
2020-10-17 07:47:01.711313  | NonzeroRewardsStd              5.402323574166953
2020-10-17 07:47:01.711328  | NonzeroRewardsMedian           7.0
2020-10-17 07:47:01.711344  | NonzeroRewardsMin              4
2020-10-17 07:47:01.711360  | NonzeroRewardsMax              25
2020-10-17 07:47:01.711376  | DiscountedReturnAverage        -12.657919979166339
2020-10-17 07:47:01.711392  | DiscountedReturnStd            13.001866888644804
2020-10-17 07:47:01.711407  | DiscountedReturnMedian         -7.001004591876189
2020-10-17 07:47:01.711423  | DiscountedReturnMin            -41.177758488476684
2020-10-17 07:47:01.711438  | DiscountedReturnMax            0.0050525248985282545
2020-10-17 07:47:01.711454  | SuccessAverage                 0.74
2020-10-17 07:47:01.711470  | SuccessStd                     0.4386342439892262
2020-10-17 07:47:01.711486  | SuccessMedian                  1.0
2020-10-17 07:47:01.711501  | SuccessMin                     False
2020-10-17 07:47:01.711516  | SuccessMax                     True
2020-10-17 07:47:01.711532  | InsertDepthAverage             -0.013783797663324597
2020-10-17 07:47:01.711546  | InsertDepthStd                 0.007901013183578382
2020-10-17 07:47:01.711561  | InsertDepthMedian              -0.01818793180980502
2020-10-17 07:47:01.711575  | InsertDepthMin                 -0.018900474958039898
2020-10-17 07:47:01.711589  | InsertDepthMax                 0.0029566216011838453
2020-10-17 07:47:01.711603  | lossAverage                    60.52105304598808
2020-10-17 07:47:01.711618  | lossStd                        21.417138825071174
2020-10-17 07:47:01.711642  | lossMedian                     55.77082633972168
2020-10-17 07:47:01.711657  | lossMin                        28.76191520690918
2020-10-17 07:47:01.711672  | lossMax                        154.1486053466797
2020-10-17 07:47:01.711686  | gradNormAverage                4332.393524169922
2020-10-17 07:47:01.711701  | gradNormStd                    2345.4061914632603
2020-10-17 07:47:01.711717  | gradNormMedian                 3802.8389892578125
2020-10-17 07:47:01.711732  | gradNormMin                    1088.498291015625
2020-10-17 07:47:01.711747  | gradNormMax                    12918.96875
2020-10-17 07:47:01.711761  | entropyAverage                 0.8703786287456751
2020-10-17 07:47:01.711776  | entropyStd                     0.08129442598696278
2020-10-17 07:47:01.711791  | entropyMedian                  0.8696348071098328
2020-10-17 07:47:01.711806  | entropyMin                     0.6543164253234863
2020-10-17 07:47:01.711821  | entropyMax                     1.0942968130111694
2020-10-17 07:47:01.711836  | perplexityAverage              2.9581867061555385
2020-10-17 07:47:01.711852  | perplexityStd                  0.25615084927911635
2020-10-17 07:47:01.711867  | perplexityMedian               2.9403610229492188
2020-10-17 07:47:01.711882  | perplexityMin                  2.2571325302124023
2020-10-17 07:47:01.711897  | perplexityMax                  3.6975836753845215
2020-10-17 07:47:01.711912  | -----------------------------  ---------------------
2020-10-17 07:47:01.712044  | run_10_17_07_21_round_10_17_07_21 itr #4 Optimizing over 1 iterations.
2020-10-17 07:52:16.312981  | run_10_17_07_21_round_10_17_07_21 itr #5 saving snapshot...
2020-10-17 07:52:16.316595  | run_10_17_07_21_round_10_17_07_21 itr #5 saved
2020-10-17 07:52:16.336222  | -----------------------------  ---------------------
2020-10-17 07:52:16.336258  | Diagnostics/NewCompletedTrajs  369
2020-10-17 07:52:16.336273  | Diagnostics/StepsInTrajWindow  926
2020-10-17 07:52:16.336284  | Diagnostics/Iteration          5
2020-10-17 07:52:16.336295  | Diagnostics/CumTime (s)        1835.6500043869019
2020-10-17 07:52:16.336305  | Diagnostics/CumSteps           12288
2020-10-17 07:52:16.336315  | Diagnostics/CumCompletedTrajs  1336
2020-10-17 07:52:16.336325  | Diagnostics/CumUpdates         1920
2020-10-17 07:52:16.336334  | Diagnostics/StepsPerSecond     6.509271465022035
2020-10-17 07:52:16.336344  | Diagnostics/UpdatesPerSecond   1.0170736664096929
2020-10-17 07:52:16.336354  | Diagnostics/ReplayRatio        10.0
2020-10-17 07:52:16.336364  | Diagnostics/CumReplayRatio     10.0
2020-10-17 07:52:16.336374  | LengthAverage                  9.26
2020-10-17 07:52:16.336384  | LengthStd                      4.678931501956402
2020-10-17 07:52:16.336393  | LengthMedian                   7.0
2020-10-17 07:52:16.336403  | LengthMin                      4
2020-10-17 07:52:16.336413  | LengthMax                      21
2020-10-17 07:52:16.336422  | ReturnAverage                  -12.053861062526703
2020-10-17 07:52:16.336432  | ReturnStd                      11.887122777670687
2020-10-17 07:52:16.336442  | ReturnMedian                   -7.803765892982483
2020-10-17 07:52:16.336452  | ReturnMin                      -41.71231484413147
2020-10-17 07:52:16.336461  | ReturnMax                      0.09744799137115479
2020-10-17 07:52:16.336471  | NonzeroRewardsAverage          9.26
2020-10-17 07:52:16.336481  | NonzeroRewardsStd              4.678931501956402
2020-10-17 07:52:16.336490  | NonzeroRewardsMedian           7.0
2020-10-17 07:52:16.336500  | NonzeroRewardsMin              4
2020-10-17 07:52:16.336510  | NonzeroRewardsMax              21
2020-10-17 07:52:16.336519  | DiscountedReturnAverage        -11.472097097554826
2020-10-17 07:52:16.336529  | DiscountedReturnStd            10.85382712849703
2020-10-17 07:52:16.336539  | DiscountedReturnMedian         -7.759659363830748
2020-10-17 07:52:16.336549  | DiscountedReturnMin            -38.26211912400598
2020-10-17 07:52:16.336559  | DiscountedReturnMax            -0.005975815676213081
2020-10-17 07:52:16.336574  | SuccessAverage                 0.84
2020-10-17 07:52:16.336584  | SuccessStd                     0.36660605559646725
2020-10-17 07:52:16.336593  | SuccessMedian                  1.0
2020-10-17 07:52:16.336603  | SuccessMin                     False
2020-10-17 07:52:16.336612  | SuccessMax                     True
2020-10-17 07:52:16.336621  | InsertDepthAverage             -0.015463007939840276
2020-10-17 07:52:16.336631  | InsertDepthStd                 0.00669750527461731
2020-10-17 07:52:16.336640  | InsertDepthMedian              -0.018214483431464902
2020-10-17 07:52:16.336650  | InsertDepthMin                 -0.01893845839580259
2020-10-17 07:52:16.336659  | InsertDepthMax                 0.0031946924496695783
2020-10-17 07:52:16.336669  | lossAverage                    35.239030194282535
2020-10-17 07:52:16.336678  | lossStd                        8.786521426421375
2020-10-17 07:52:16.336688  | lossMedian                     34.5125789642334
2020-10-17 07:52:16.336697  | lossMin                        16.221426010131836
2020-10-17 07:52:16.336707  | lossMax                        62.859012603759766
2020-10-17 07:52:16.336716  | gradNormAverage                4476.358729934693
2020-10-17 07:52:16.336725  | gradNormStd                    2785.462018102975
2020-10-17 07:52:16.336735  | gradNormMedian                 3928.4742431640625
2020-10-17 07:52:16.336744  | gradNormMin                    1012.62353515625
2020-10-17 07:52:16.336753  | gradNormMax                    17576.615234375
2020-10-17 07:52:16.336763  | entropyAverage                 0.8619665127247572
2020-10-17 07:52:16.336772  | entropyStd                     0.08096226733839865
2020-10-17 07:52:16.336781  | entropyMedian                  0.8647865056991577
2020-10-17 07:52:16.336791  | entropyMin                     0.6326212882995605
2020-10-17 07:52:16.336800  | entropyMax                     1.095468282699585
2020-10-17 07:52:16.336809  | perplexityAverage              2.9746582984924315
2020-10-17 07:52:16.336819  | perplexityStd                  0.26255517268699896
2020-10-17 07:52:16.336828  | perplexityMedian               2.972436547279358
2020-10-17 07:52:16.336837  | perplexityMin                  2.2712318897247314
2020-10-17 07:52:16.336847  | perplexityMax                  3.8823440074920654
2020-10-17 07:52:16.336856  | -----------------------------  ---------------------
2020-10-17 07:52:16.336935  | run_10_17_07_21_round_10_17_07_21 itr #5 Optimizing over 1 iterations.
2020-10-17 07:57:06.728517  | run_10_17_07_21_round_10_17_07_21 itr #6 saving snapshot...
2020-10-17 07:57:06.731696  | run_10_17_07_21_round_10_17_07_21 itr #6 saved
2020-10-17 07:57:06.754209  | -----------------------------  ---------------------
2020-10-17 07:57:06.754261  | Diagnostics/NewCompletedTrajs  220
2020-10-17 07:57:06.754284  | Diagnostics/StepsInTrajWindow  927
2020-10-17 07:57:06.754300  | Diagnostics/Iteration          6
2020-10-17 07:57:06.754316  | Diagnostics/CumTime (s)        2126.0650861263275
2020-10-17 07:57:06.754332  | Diagnostics/CumSteps           14336
2020-10-17 07:57:06.754348  | Diagnostics/CumCompletedTrajs  1556
2020-10-17 07:57:06.754363  | Diagnostics/CumUpdates         2240
2020-10-17 07:57:06.754378  | Diagnostics/StepsPerSecond     7.05197535793807
2020-10-17 07:57:06.754393  | Diagnostics/UpdatesPerSecond   1.1018711496778233
2020-10-17 07:57:06.754409  | Diagnostics/ReplayRatio        10.0
2020-10-17 07:57:06.754425  | Diagnostics/CumReplayRatio     10.0
2020-10-17 07:57:06.754441  | LengthAverage                  9.27
2020-10-17 07:57:06.754456  | LengthStd                      5.279876892504218
2020-10-17 07:57:06.754470  | LengthMedian                   7.0
2020-10-17 07:57:06.754485  | LengthMin                      4
2020-10-17 07:57:06.754501  | LengthMax                      34
2020-10-17 07:57:06.754516  | ReturnAverage                  -12.47502066463232
2020-10-17 07:57:06.754532  | ReturnStd                      12.912688645234628
2020-10-17 07:57:06.754548  | ReturnMedian                   -7.231943905353546
2020-10-17 07:57:06.754571  | ReturnMin                      -56.17719388008118
2020-10-17 07:57:06.754587  | ReturnMax                      0.05647099018096924
2020-10-17 07:57:06.754603  | NonzeroRewardsAverage          9.27
2020-10-17 07:57:06.754618  | NonzeroRewardsStd              5.279876892504218
2020-10-17 07:57:06.754633  | NonzeroRewardsMedian           7.0
2020-10-17 07:57:06.754649  | NonzeroRewardsMin              4
2020-10-17 07:57:06.754664  | NonzeroRewardsMax              34
2020-10-17 07:57:06.754679  | DiscountedReturnAverage        -11.813616918626032
2020-10-17 07:57:06.754693  | DiscountedReturnStd            11.71435980533923
2020-10-17 07:57:06.754707  | DiscountedReturnMedian         -7.186374657710009
2020-10-17 07:57:06.754721  | DiscountedReturnMin            -47.598166867173774
2020-10-17 07:57:06.754734  | DiscountedReturnMax            -0.05062563930845343
2020-10-17 07:57:06.754748  | SuccessAverage                 0.82
2020-10-17 07:57:06.754763  | SuccessStd                     0.38418745424597095
2020-10-17 07:57:06.754777  | SuccessMedian                  1.0
2020-10-17 07:57:06.754792  | SuccessMin                     False
2020-10-17 07:57:06.754807  | SuccessMax                     True
2020-10-17 07:57:06.754822  | InsertDepthAverage             -0.015138131391876546
2020-10-17 07:57:06.754842  | InsertDepthStd                 0.0071237400526894465
2020-10-17 07:57:06.754859  | InsertDepthMedian              -0.018242114063115766
2020-10-17 07:57:06.754875  | InsertDepthMin                 -0.019990992534292595
2020-10-17 07:57:06.754889  | InsertDepthMax                 0.0030837644545147758
2020-10-17 07:57:06.754904  | lossAverage                    39.89487906694412
2020-10-17 07:57:06.754919  | lossStd                        9.852798356338715
2020-10-17 07:57:06.754933  | lossMedian                     38.06502151489258
2020-10-17 07:57:06.754948  | lossMin                        17.5130672454834
2020-10-17 07:57:06.754963  | lossMax                        76.25405883789062
2020-10-17 07:57:06.754978  | gradNormAverage                4333.20683631897
2020-10-17 07:57:06.754993  | gradNormStd                    2910.94695111901
2020-10-17 07:57:06.755009  | gradNormMedian                 3450.39892578125
2020-10-17 07:57:06.755024  | gradNormMin                    1039.5203857421875
2020-10-17 07:57:06.755039  | gradNormMax                    19417.80859375
2020-10-17 07:57:06.755053  | entropyAverage                 0.859219916909933
2020-10-17 07:57:06.755069  | entropyStd                     0.07938879987574063
2020-10-17 07:57:06.755084  | entropyMedian                  0.8598524034023285
2020-10-17 07:57:06.755099  | entropyMin                     0.619969367980957
2020-10-17 07:57:06.755114  | entropyMax                     1.1120237112045288
2020-10-17 07:57:06.755129  | perplexityAverage              2.942106092721224
2020-10-17 07:57:06.755144  | perplexityStd                  0.2656713729648403
2020-10-17 07:57:06.755157  | perplexityMedian               2.9255393743515015
2020-10-17 07:57:06.755170  | perplexityMin                  2.221514940261841
2020-10-17 07:57:06.755184  | perplexityMax                  3.8182120323181152
2020-10-17 07:57:06.755198  | -----------------------------  ---------------------
2020-10-17 07:57:06.755327  | run_10_17_07_21_round_10_17_07_21 itr #6 Optimizing over 1 iterations.
2020-10-17 08:02:26.150898  | run_10_17_07_21_round_10_17_07_21 itr #7 saving snapshot...
2020-10-17 08:02:26.154094  | run_10_17_07_21_round_10_17_07_21 itr #7 saved
2020-10-17 08:02:26.176502  | -----------------------------  ---------------------
2020-10-17 08:02:26.176553  | Diagnostics/NewCompletedTrajs  247
2020-10-17 08:02:26.176577  | Diagnostics/StepsInTrajWindow  766
2020-10-17 08:02:26.176595  | Diagnostics/Iteration          7
2020-10-17 08:02:26.176613  | Diagnostics/CumTime (s)        2445.4874885082245
2020-10-17 08:02:26.176630  | Diagnostics/CumSteps           16384
2020-10-17 08:02:26.176645  | Diagnostics/CumCompletedTrajs  1803
2020-10-17 08:02:26.176668  | Diagnostics/CumUpdates         2560
2020-10-17 08:02:26.176685  | Diagnostics/StepsPerSecond     6.411572841254383
2020-10-17 08:02:26.176700  | Diagnostics/UpdatesPerSecond   1.0018082564459974
2020-10-17 08:02:26.176716  | Diagnostics/ReplayRatio        10.0
2020-10-17 08:02:26.176731  | Diagnostics/CumReplayRatio     10.0
2020-10-17 08:02:26.176746  | LengthAverage                  7.66
2020-10-17 08:02:26.176761  | LengthStd                      4.082205286361772
2020-10-17 08:02:26.176776  | LengthMedian                   6.0
2020-10-17 08:02:26.176790  | LengthMin                      4
2020-10-17 08:02:26.176804  | LengthMax                      20
2020-10-17 08:02:26.176818  | ReturnAverage                  -8.743622582554817
2020-10-17 08:02:26.176831  | ReturnStd                      11.088134658333765
2020-10-17 08:02:26.176845  | ReturnMedian                   -4.302885562181473
2020-10-17 08:02:26.176859  | ReturnMin                      -45.903260946273804
2020-10-17 08:02:26.176874  | ReturnMax                      0.21819782257080078
2020-10-17 08:02:26.176889  | NonzeroRewardsAverage          7.66
2020-10-17 08:02:26.176904  | NonzeroRewardsStd              4.082205286361772
2020-10-17 08:02:26.176919  | NonzeroRewardsMedian           6.0
2020-10-17 08:02:26.176933  | NonzeroRewardsMin              4
2020-10-17 08:02:26.176948  | NonzeroRewardsMax              20
2020-10-17 08:02:26.176963  | DiscountedReturnAverage        -8.376407849688285
2020-10-17 08:02:26.176979  | DiscountedReturnStd            10.1564894948341
2020-10-17 08:02:26.176993  | DiscountedReturnMedian         -4.346317263152796
2020-10-17 08:02:26.177008  | DiscountedReturnMin            -41.41379799195649
2020-10-17 08:02:26.177022  | DiscountedReturnMax            0.11055712252330707
2020-10-17 08:02:26.177037  | SuccessAverage                 0.86
2020-10-17 08:02:26.177052  | SuccessStd                     0.34698703145794946
2020-10-17 08:02:26.177067  | SuccessMedian                  1.0
2020-10-17 08:02:26.177082  | SuccessMin                     False
2020-10-17 08:02:26.177097  | SuccessMax                     True
2020-10-17 08:02:26.177112  | InsertDepthAverage             -0.01599240433930762
2020-10-17 08:02:26.177127  | InsertDepthStd                 0.0059514421750422606
2020-10-17 08:02:26.177142  | InsertDepthMedian              -0.018210888060545147
2020-10-17 08:02:26.177157  | InsertDepthMin                 -0.019963026137006512
2020-10-17 08:02:26.177172  | InsertDepthMax                 0.002527417851292596
2020-10-17 08:02:26.177187  | lossAverage                    30.208030891418456
2020-10-17 08:02:26.177202  | lossStd                        8.144150240450161
2020-10-17 08:02:26.177218  | lossMedian                     29.470431327819824
2020-10-17 08:02:26.177233  | lossMin                        11.016796112060547
2020-10-17 08:02:26.177248  | lossMax                        57.6244010925293
2020-10-17 08:02:26.177263  | gradNormAverage                3984.66428527832
2020-10-17 08:02:26.177277  | gradNormStd                    2489.878972879539
2020-10-17 08:02:26.177291  | gradNormMedian                 3419.30517578125
2020-10-17 08:02:26.177304  | gradNormMin                    810.0413208007812
2020-10-17 08:02:26.177318  | gradNormMax                    14486.4619140625
2020-10-17 08:02:26.177331  | entropyAverage                 0.8008572509512305
2020-10-17 08:02:26.177346  | entropyStd                     0.08113010757679376
2020-10-17 08:02:26.177361  | entropyMedian                  0.8000119030475616
2020-10-17 08:02:26.177376  | entropyMin                     0.5912368297576904
2020-10-17 08:02:26.177390  | entropyMax                     1.0790101289749146
2020-10-17 08:02:26.177405  | perplexityAverage              2.7917016185820103
2020-10-17 08:02:26.177419  | perplexityStd                  0.2508064751462552
2020-10-17 08:02:26.177434  | perplexityMedian               2.7987771034240723
2020-10-17 08:02:26.177449  | perplexityMin                  2.1840968132019043
2020-10-17 08:02:26.177469  | perplexityMax                  3.572556972503662
2020-10-17 08:02:26.177485  | -----------------------------  ---------------------
2020-10-17 08:02:26.177615  | run_10_17_07_21_round_10_17_07_21 itr #7 Optimizing over 1 iterations.
2020-10-17 08:07:28.381891  | run_10_17_07_21_round_10_17_07_21 itr #8 saving snapshot...
2020-10-17 08:07:28.385096  | run_10_17_07_21_round_10_17_07_21 itr #8 saved
2020-10-17 08:07:28.407664  | -----------------------------  ---------------------
2020-10-17 08:07:28.407719  | Diagnostics/NewCompletedTrajs  230
2020-10-17 08:07:28.407743  | Diagnostics/StepsInTrajWindow  898
2020-10-17 08:07:28.407759  | Diagnostics/Iteration          8
2020-10-17 08:07:28.407775  | Diagnostics/CumTime (s)        2747.7184903621674
2020-10-17 08:07:28.407789  | Diagnostics/CumSteps           18432
2020-10-17 08:07:28.407803  | Diagnostics/CumCompletedTrajs  2033
2020-10-17 08:07:28.407818  | Diagnostics/CumUpdates         2880
2020-10-17 08:07:28.407833  | Diagnostics/StepsPerSecond     6.7762737357755345
2020-10-17 08:07:28.407848  | Diagnostics/UpdatesPerSecond   1.0587927712149272
2020-10-17 08:07:28.407863  | Diagnostics/ReplayRatio        10.0
2020-10-17 08:07:28.407878  | Diagnostics/CumReplayRatio     10.0
2020-10-17 08:07:28.407893  | LengthAverage                  8.98
2020-10-17 08:07:28.407908  | LengthStd                      4.586894374192631
2020-10-17 08:07:28.407924  | LengthMedian                   7.0
2020-10-17 08:07:28.407939  | LengthMin                      4
2020-10-17 08:07:28.407955  | LengthMax                      24
2020-10-17 08:07:28.407970  | ReturnAverage                  -11.597225000560284
2020-10-17 08:07:28.407985  | ReturnStd                      12.04974045570538
2020-10-17 08:07:28.408000  | ReturnMedian                   -7.344883680343628
2020-10-17 08:07:28.408016  | ReturnMin                      -50.33073437213898
2020-10-17 08:07:28.408032  | ReturnMax                      0.293756365776062
2020-10-17 08:07:28.408048  | NonzeroRewardsAverage          8.98
2020-10-17 08:07:28.408063  | NonzeroRewardsStd              4.586894374192631
2020-10-17 08:07:28.408079  | NonzeroRewardsMedian           7.0
2020-10-17 08:07:28.408095  | NonzeroRewardsMin              4
2020-10-17 08:07:28.408110  | NonzeroRewardsMax              24
2020-10-17 08:07:28.408126  | DiscountedReturnAverage        -11.05390496759008
2020-10-17 08:07:28.408142  | DiscountedReturnStd            11.078614472676668
2020-10-17 08:07:28.408157  | DiscountedReturnMedian         -7.308214780670361
2020-10-17 08:07:28.408173  | DiscountedReturnMin            -45.51956177285123
2020-10-17 08:07:28.408188  | DiscountedReturnMax            0.1851436246910092
2020-10-17 08:07:28.408204  | SuccessAverage                 0.85
2020-10-17 08:07:28.408220  | SuccessStd                     0.3570714214271425
2020-10-17 08:07:28.408235  | SuccessMedian                  1.0
2020-10-17 08:07:28.408251  | SuccessMin                     False
2020-10-17 08:07:28.408265  | SuccessMax                     True
2020-10-17 08:07:28.408279  | InsertDepthAverage             -0.015520931906342718
2020-10-17 08:07:28.408293  | InsertDepthStd                 0.0066541219222511355
2020-10-17 08:07:28.408306  | InsertDepthMedian              -0.018230750834546144
2020-10-17 08:07:28.408320  | InsertDepthMin                 -0.01907289077361919
2020-10-17 08:07:28.408335  | InsertDepthMax                 0.004229339492587553
2020-10-17 08:07:28.408350  | lossAverage                    34.078979244828226
2020-10-17 08:07:28.408365  | lossStd                        8.047523697773332
2020-10-17 08:07:28.408380  | lossMedian                     33.34507751464844
2020-10-17 08:07:28.408395  | lossMin                        13.373334884643555
2020-10-17 08:07:28.408411  | lossMax                        59.41073226928711
2020-10-17 08:07:28.408426  | gradNormAverage                3693.2163272857665
2020-10-17 08:07:28.408441  | gradNormStd                    2448.7251417843063
2020-10-17 08:07:28.408464  | gradNormMedian                 3024.7056884765625
2020-10-17 08:07:28.408479  | gradNormMin                    830.1941528320312
2020-10-17 08:07:28.408494  | gradNormMax                    12544.05078125
2020-10-17 08:07:28.408509  | entropyAverage                 0.7733307281509042
2020-10-17 08:07:28.408524  | entropyStd                     0.08569904259087587
2020-10-17 08:07:28.408539  | entropyMedian                  0.7732117772102356
2020-10-17 08:07:28.408554  | entropyMin                     0.5132246613502502
2020-10-17 08:07:28.408569  | entropyMax                     1.0162872076034546
2020-10-17 08:07:28.408585  | perplexityAverage              2.72886908352375
2020-10-17 08:07:28.408599  | perplexityStd                  0.26939958412138565
2020-10-17 08:07:28.408614  | perplexityMedian               2.7015336751937866
2020-10-17 08:07:28.408629  | perplexityMin                  1.9613597393035889
2020-10-17 08:07:28.408644  | perplexityMax                  3.501600742340088
2020-10-17 08:07:28.408659  | -----------------------------  ---------------------
2020-10-17 08:07:28.408794  | run_10_17_07_21_round_10_17_07_21 itr #8 Optimizing over 1 iterations.
2020-10-17 08:12:42.866531  | run_10_17_07_21_round_10_17_07_21 itr #9 saving snapshot...
2020-10-17 08:12:42.869729  | run_10_17_07_21_round_10_17_07_21 itr #9 saved
2020-10-17 08:12:42.892044  | -----------------------------  ---------------------
2020-10-17 08:12:42.892094  | Diagnostics/NewCompletedTrajs  128
2020-10-17 08:12:42.892117  | Diagnostics/StepsInTrajWindow  911
2020-10-17 08:12:42.892135  | Diagnostics/Iteration          9
2020-10-17 08:12:42.892153  | Diagnostics/CumTime (s)        3062.2031240463257
2020-10-17 08:12:42.892169  | Diagnostics/CumSteps           20480
2020-10-17 08:12:42.892185  | Diagnostics/CumCompletedTrajs  2161
2020-10-17 08:12:42.892199  | Diagnostics/CumUpdates         3200
2020-10-17 08:12:42.892213  | Diagnostics/StepsPerSecond     6.5122418733401055
2020-10-17 08:12:42.892227  | Diagnostics/UpdatesPerSecond   1.0175377927093914
2020-10-17 08:12:42.892241  | Diagnostics/ReplayRatio        10.0
2020-10-17 08:12:42.892255  | Diagnostics/CumReplayRatio     10.0
2020-10-17 08:12:42.892269  | LengthAverage                  9.11
2020-10-17 08:12:42.892283  | LengthStd                      4.707217861964751
2020-10-17 08:12:42.892298  | LengthMedian                   8.0
2020-10-17 08:12:42.892313  | LengthMin                      4
2020-10-17 08:12:42.892329  | LengthMax                      25
2020-10-17 08:12:42.892343  | ReturnAverage                  -11.340277599990367
2020-10-17 08:12:42.892358  | ReturnStd                      12.089894056554975
2020-10-17 08:12:42.892373  | ReturnMedian                   -7.205010175704956
2020-10-17 08:12:42.892388  | ReturnMin                      -55.9433354139328
2020-10-17 08:12:42.892404  | ReturnMax                      0.20593810081481934
2020-10-17 08:12:42.892420  | NonzeroRewardsAverage          9.11
2020-10-17 08:12:42.892434  | NonzeroRewardsStd              4.707217861964751
2020-10-17 08:12:42.892449  | NonzeroRewardsMedian           8.0
2020-10-17 08:12:42.892464  | NonzeroRewardsMin              4
2020-10-17 08:12:42.892480  | NonzeroRewardsMax              25
2020-10-17 08:12:42.892495  | DiscountedReturnAverage        -10.796110832005152
2020-10-17 08:12:42.892511  | DiscountedReturnStd            11.023743201605988
2020-10-17 08:12:42.892527  | DiscountedReturnMedian         -7.1779953929539335
2020-10-17 08:12:42.892542  | DiscountedReturnMin            -49.74937116926157
2020-10-17 08:12:42.892557  | DiscountedReturnMax            0.09747338775968561
2020-10-17 08:12:42.892573  | SuccessAverage                 0.85
2020-10-17 08:12:42.892589  | SuccessStd                     0.3570714214271425
2020-10-17 08:12:42.892605  | SuccessMedian                  1.0
2020-10-17 08:12:42.892620  | SuccessMin                     False
2020-10-17 08:12:42.892636  | SuccessMax                     True
2020-10-17 08:12:42.892652  | InsertDepthAverage             -0.015735301735227736
2020-10-17 08:12:42.892676  | InsertDepthStd                 0.006297940513146151
2020-10-17 08:12:42.892692  | InsertDepthMedian              -0.01821027589119184
2020-10-17 08:12:42.892707  | InsertDepthMin                 -0.018794474187670163
2020-10-17 08:12:42.892720  | InsertDepthMax                 0.0033178255435550585
2020-10-17 08:12:42.892734  | lossAverage                    27.611423444747924
2020-10-17 08:12:42.892747  | lossStd                        8.071353243559734
2020-10-17 08:12:42.892761  | lossMedian                     26.67863368988037
2020-10-17 08:12:42.892774  | lossMin                        10.725664138793945
2020-10-17 08:12:42.892788  | lossMax                        57.03113555908203
2020-10-17 08:12:42.892802  | gradNormAverage                3744.2780950546266
2020-10-17 08:12:42.892817  | gradNormStd                    2404.750230951374
2020-10-17 08:12:42.892832  | gradNormMedian                 3132.0748291015625
2020-10-17 08:12:42.892846  | gradNormMin                    815.9236450195312
2020-10-17 08:12:42.892860  | gradNormMax                    16222.3935546875
2020-10-17 08:12:42.892875  | entropyAverage                 0.744202721118927
2020-10-17 08:12:42.892890  | entropyStd                     0.0829439274722933
2020-10-17 08:12:42.892905  | entropyMedian                  0.7401427626609802
2020-10-17 08:12:42.892920  | entropyMin                     0.5505722761154175
2020-10-17 08:12:42.892934  | entropyMax                     1.0762898921966553
2020-10-17 08:12:42.892949  | perplexityAverage              2.6175763003528116
2020-10-17 08:12:42.892963  | perplexityStd                  0.23201181980376592
2020-10-17 08:12:42.892978  | perplexityMedian               2.612910032272339
2020-10-17 08:12:42.892993  | perplexityMin                  2.052659749984741
2020-10-17 08:12:42.893007  | perplexityMax                  3.5565972328186035
2020-10-17 08:12:42.893022  | -----------------------------  ---------------------
2020-10-17 08:12:42.893152  | run_10_17_07_21_round_10_17_07_21 itr #9 Optimizing over 1 iterations.
2020-10-17 08:17:51.493740  | run_10_17_07_21_round_10_17_07_21 itr #10 saving snapshot...
2020-10-17 08:17:51.496993  | run_10_17_07_21_round_10_17_07_21 itr #10 saved
2020-10-17 08:17:51.519679  | -----------------------------  ---------------------
2020-10-17 08:17:51.519729  | Diagnostics/NewCompletedTrajs  371
2020-10-17 08:17:51.519752  | Diagnostics/StepsInTrajWindow  806
2020-10-17 08:17:51.519770  | Diagnostics/Iteration          10
2020-10-17 08:17:51.519787  | Diagnostics/CumTime (s)        3370.830385684967
2020-10-17 08:17:51.519803  | Diagnostics/CumSteps           22528
2020-10-17 08:17:51.519818  | Diagnostics/CumCompletedTrajs  2532
2020-10-17 08:17:51.519833  | Diagnostics/CumUpdates         3520
2020-10-17 08:17:51.519846  | Diagnostics/StepsPerSecond     6.635836345519978
2020-10-17 08:17:51.519861  | Diagnostics/UpdatesPerSecond   1.0368494289874965
2020-10-17 08:17:51.519876  | Diagnostics/ReplayRatio        10.0
2020-10-17 08:17:51.519892  | Diagnostics/CumReplayRatio     10.0
2020-10-17 08:17:51.519907  | LengthAverage                  8.06
2020-10-17 08:17:51.519921  | LengthStd                      4.884301383002486
2020-10-17 08:17:51.519936  | LengthMedian                   6.0
2020-10-17 08:17:51.519951  | LengthMin                      4
2020-10-17 08:17:51.519967  | LengthMax                      31
2020-10-17 08:17:51.519983  | ReturnAverage                  -8.983966845571995
2020-10-17 08:17:51.519998  | ReturnStd                      11.355627193878593
2020-10-17 08:17:51.520014  | ReturnMedian                   -4.458599746227264
2020-10-17 08:17:51.520029  | ReturnMin                      -53.207227885723114
2020-10-17 08:17:51.520045  | ReturnMax                      0.0600508451461792
2020-10-17 08:17:51.520061  | NonzeroRewardsAverage          8.06
2020-10-17 08:17:51.520077  | NonzeroRewardsStd              4.884301383002486
2020-10-17 08:17:51.520092  | NonzeroRewardsMedian           6.0
2020-10-17 08:17:51.520115  | NonzeroRewardsMin              4
2020-10-17 08:17:51.520131  | NonzeroRewardsMax              31
2020-10-17 08:17:51.520146  | DiscountedReturnAverage        -8.586997188412193
2020-10-17 08:17:51.520161  | DiscountedReturnStd            10.327558521230086
2020-10-17 08:17:51.520176  | DiscountedReturnMedian         -4.510083522567319
2020-10-17 08:17:51.520190  | DiscountedReturnMin            -46.643177642245206
2020-10-17 08:17:51.520205  | DiscountedReturnMax            -0.046003276886940725
2020-10-17 08:17:51.520220  | SuccessAverage                 0.89
2020-10-17 08:17:51.520235  | SuccessStd                     0.31288975694324034
2020-10-17 08:17:51.520249  | SuccessMedian                  1.0
2020-10-17 08:17:51.520263  | SuccessMin                     False
2020-10-17 08:17:51.520276  | SuccessMax                     True
2020-10-17 08:17:51.520290  | InsertDepthAverage             -0.016472420182664378
2020-10-17 08:17:51.520304  | InsertDepthStd                 0.005460823008222787
2020-10-17 08:17:51.520319  | InsertDepthMedian              -0.018235660360951006
2020-10-17 08:17:51.520333  | InsertDepthMin                 -0.019183006336414538
2020-10-17 08:17:51.520347  | InsertDepthMax                 0.0035827695643022295
2020-10-17 08:17:51.520362  | lossAverage                    30.47471970319748
2020-10-17 08:17:51.520376  | lossStd                        8.258777294871944
2020-10-17 08:17:51.520391  | lossMedian                     28.888402938842773
2020-10-17 08:17:51.520406  | lossMin                        12.6555757522583
2020-10-17 08:17:51.520421  | lossMax                        58.64881896972656
2020-10-17 08:17:51.520436  | gradNormAverage                3588.5047258377076
2020-10-17 08:17:51.520451  | gradNormStd                    2234.492299299652
2020-10-17 08:17:51.520466  | gradNormMedian                 3049.4373779296875
2020-10-17 08:17:51.520481  | gradNormMin                    790.1044311523438
2020-10-17 08:17:51.520496  | gradNormMax                    13881.90234375
2020-10-17 08:17:51.520511  | entropyAverage                 0.7612469235435129
2020-10-17 08:17:51.520526  | entropyStd                     0.08135317545649905
2020-10-17 08:17:51.520541  | entropyMedian                  0.7603147923946381
2020-10-17 08:17:51.520555  | entropyMin                     0.5385823845863342
2020-10-17 08:17:51.520570  | entropyMax                     0.9583162665367126
2020-10-17 08:17:51.520585  | perplexityAverage              2.6888632819056513
2020-10-17 08:17:51.520600  | perplexityStd                  0.23856523986006153
2020-10-17 08:17:51.520614  | perplexityMedian               2.669305920600891
2020-10-17 08:17:51.520629  | perplexityMin                  2.0321130752563477
2020-10-17 08:17:51.520644  | perplexityMax                  3.4452152252197266
2020-10-17 08:17:51.520659  | -----------------------------  ---------------------
2020-10-17 08:17:51.520788  | run_10_17_07_21_round_10_17_07_21 itr #10 Optimizing over 1 iterations.
2020-10-17 08:23:17.032691  | run_10_17_07_21_round_10_17_07_21 itr #11 saving snapshot...
2020-10-17 08:23:17.035637  | run_10_17_07_21_round_10_17_07_21 itr #11 saved
2020-10-17 08:23:17.067429  | -----------------------------  ---------------------
2020-10-17 08:23:17.067469  | Diagnostics/NewCompletedTrajs  262
2020-10-17 08:23:17.067481  | Diagnostics/StepsInTrajWindow  730
2020-10-17 08:23:17.067490  | Diagnostics/Iteration          11
2020-10-17 08:23:17.067498  | Diagnostics/CumTime (s)        3696.369035959244
2020-10-17 08:23:17.067507  | Diagnostics/CumSteps           24576
2020-10-17 08:23:17.067515  | Diagnostics/CumCompletedTrajs  2794
2020-10-17 08:23:17.067523  | Diagnostics/CumUpdates         3840
2020-10-17 08:23:17.067531  | Diagnostics/StepsPerSecond     6.291111664542734
2020-10-17 08:23:17.067539  | Diagnostics/UpdatesPerSecond   0.9829861975848022
2020-10-17 08:23:17.067548  | Diagnostics/ReplayRatio        10.0
2020-10-17 08:23:17.067556  | Diagnostics/CumReplayRatio     10.0
2020-10-17 08:23:17.067572  | LengthAverage                  7.3
2020-10-17 08:23:17.067580  | LengthStd                      3.6864617182333523
2020-10-17 08:23:17.067588  | LengthMedian                   6.0
2020-10-17 08:23:17.067596  | LengthMin                      4
2020-10-17 08:23:17.067604  | LengthMax                      18
2020-10-17 08:23:17.067612  | ReturnAverage                  -6.9519193756580355
2020-10-17 08:23:17.067620  | ReturnStd                      8.438119332001886
2020-10-17 08:23:17.067628  | ReturnMedian                   -3.729389786720276
2020-10-17 08:23:17.067635  | ReturnMin                      -33.02461588382721
2020-10-17 08:23:17.067643  | ReturnMax                      0.2065216302871704
2020-10-17 08:23:17.067651  | NonzeroRewardsAverage          7.3
2020-10-17 08:23:17.067659  | NonzeroRewardsStd              3.6864617182333523
2020-10-17 08:23:17.067667  | NonzeroRewardsMedian           6.0
2020-10-17 08:23:17.067675  | NonzeroRewardsMin              4
2020-10-17 08:23:17.067683  | NonzeroRewardsMax              18
2020-10-17 08:23:17.067691  | DiscountedReturnAverage        -6.759954759877376
2020-10-17 08:23:17.067699  | DiscountedReturnStd            7.8496151900451485
2020-10-17 08:23:17.067707  | DiscountedReturnMedian         -3.7799886811449377
2020-10-17 08:23:17.067715  | DiscountedReturnMin            -30.489389100292307
2020-10-17 08:23:17.067723  | DiscountedReturnMax            0.09697919892835483
2020-10-17 08:23:17.067730  | SuccessAverage                 0.93
2020-10-17 08:23:17.067738  | SuccessStd                     0.25514701644346144
2020-10-17 08:23:17.067746  | SuccessMedian                  1.0
2020-10-17 08:23:17.067754  | SuccessMin                     False
2020-10-17 08:23:17.067762  | SuccessMax                     True
2020-10-17 08:23:17.067770  | InsertDepthAverage             -0.01733288209540673
2020-10-17 08:23:17.067778  | InsertDepthStd                 0.003854558036945741
2020-10-17 08:23:17.067786  | InsertDepthMedian              -0.018245890461786415
2020-10-17 08:23:17.067793  | InsertDepthMin                 -0.0187157991603267
2020-10-17 08:23:17.067801  | InsertDepthMax                 0.001304348338587863
2020-10-17 08:23:17.067809  | lossAverage                    21.12354859262705
2020-10-17 08:23:17.067817  | lossStd                        5.397254416158896
2020-10-17 08:23:17.067825  | lossMedian                     21.00053882598877
2020-10-17 08:23:17.067833  | lossMin                        7.91306734085083
2020-10-17 08:23:17.067841  | lossMax                        38.68684768676758
2020-10-17 08:23:17.067849  | gradNormAverage                3536.301210594177
2020-10-17 08:23:17.067857  | gradNormStd                    2284.2747911192328
2020-10-17 08:23:17.067865  | gradNormMedian                 2987.885009765625
2020-10-17 08:23:17.067873  | gradNormMin                    720.691162109375
2020-10-17 08:23:17.067881  | gradNormMax                    13342.7724609375
2020-10-17 08:23:17.067888  | entropyAverage                 0.7155058100819588
2020-10-17 08:23:17.067896  | entropyStd                     0.08018385733794661
2020-10-17 08:23:17.067904  | entropyMedian                  0.7178272902965546
2020-10-17 08:23:17.067912  | entropyMin                     0.4917776584625244
2020-10-17 08:23:17.067920  | entropyMax                     0.923212468624115
2020-10-17 08:23:17.067928  | perplexityAverage              2.5232300415635107
2020-10-17 08:23:17.067936  | perplexityStd                  0.21839037004067224
2020-10-17 08:23:17.067944  | perplexityMedian               2.527033805847168
2020-10-17 08:23:17.067952  | perplexityMin                  1.9485156536102295
2020-10-17 08:23:17.067960  | perplexityMax                  3.122553825378418
2020-10-17 08:23:17.067967  | -----------------------------  ---------------------
2020-10-17 08:23:17.068047  | run_10_17_07_21_round_10_17_07_21 itr #11 Optimizing over 1 iterations.
2020-10-17 08:28:30.314647  | run_10_17_07_21_round_10_17_07_21 itr #12 saving snapshot...
2020-10-17 08:28:30.317866  | run_10_17_07_21_round_10_17_07_21 itr #12 saved
2020-10-17 08:28:30.340338  | -----------------------------  ---------------------
2020-10-17 08:28:30.340386  | Diagnostics/NewCompletedTrajs  253
2020-10-17 08:28:30.340406  | Diagnostics/StepsInTrajWindow  741
2020-10-17 08:28:30.340422  | Diagnostics/Iteration          12
2020-10-17 08:28:30.340437  | Diagnostics/CumTime (s)        4009.651258468628
2020-10-17 08:28:30.340453  | Diagnostics/CumSteps           26624
2020-10-17 08:28:30.340468  | Diagnostics/CumCompletedTrajs  3047
2020-10-17 08:28:30.340482  | Diagnostics/CumUpdates         4160
2020-10-17 08:28:30.340497  | Diagnostics/StepsPerSecond     6.537236564512222
2020-10-17 08:28:30.340511  | Diagnostics/UpdatesPerSecond   1.0214432132050346
2020-10-17 08:28:30.340526  | Diagnostics/ReplayRatio        10.0
2020-10-17 08:28:30.340540  | Diagnostics/CumReplayRatio     10.0
2020-10-17 08:28:30.340556  | LengthAverage                  7.41
2020-10-17 08:28:30.340570  | LengthStd                      3.792347557911853
2020-10-17 08:28:30.340584  | LengthMedian                   6.0
2020-10-17 08:28:30.340599  | LengthMin                      4
2020-10-17 08:28:30.340614  | LengthMax                      19
2020-10-17 08:28:30.340628  | ReturnAverage                  -7.016465843319893
2020-10-17 08:28:30.340644  | ReturnStd                      8.061546791971256
2020-10-17 08:28:30.340659  | ReturnMedian                   -4.211655259132385
2020-10-17 08:28:30.340674  | ReturnMin                      -34.86013472080231
2020-10-17 08:28:30.340689  | ReturnMax                      0.09618067741394043
2020-10-17 08:28:30.340703  | NonzeroRewardsAverage          7.41
2020-10-17 08:28:30.340718  | NonzeroRewardsStd              3.792347557911853
2020-10-17 08:28:30.340733  | NonzeroRewardsMedian           6.0
2020-10-17 08:28:30.340748  | NonzeroRewardsMin              4
2020-10-17 08:28:30.340763  | NonzeroRewardsMax              19
2020-10-17 08:28:30.340778  | DiscountedReturnAverage        -6.8268155229381975
2020-10-17 08:28:30.340793  | DiscountedReturnStd            7.477928682665227
2020-10-17 08:28:30.340808  | DiscountedReturnMedian         -4.269873757629881
2020-10-17 08:28:30.340822  | DiscountedReturnMin            -31.938213303075187
2020-10-17 08:28:30.340837  | DiscountedReturnMax            -0.008829127933502434
2020-10-17 08:28:30.340852  | SuccessAverage                 0.95
2020-10-17 08:28:30.340866  | SuccessStd                     0.21794494717703372
2020-10-17 08:28:30.340880  | SuccessMedian                  1.0
2020-10-17 08:28:30.340893  | SuccessMin                     False
2020-10-17 08:28:30.340906  | SuccessMax                     True
2020-10-17 08:28:30.340920  | InsertDepthAverage             -0.017518123645826954
2020-10-17 08:28:30.340935  | InsertDepthStd                 0.0037177516057871856
2020-10-17 08:28:30.340950  | InsertDepthMedian              -0.018243144502271928
2020-10-17 08:28:30.340964  | InsertDepthMin                 -0.020152206043750842
2020-10-17 08:28:30.340978  | InsertDepthMax                 0.0013336584587763933
2020-10-17 08:28:30.340992  | lossAverage                    24.608724269270898
2020-10-17 08:28:30.341006  | lossStd                        6.741167237785171
2020-10-17 08:28:30.341022  | lossMedian                     23.561134338378906
2020-10-17 08:28:30.341037  | lossMin                        10.503572463989258
2020-10-17 08:28:30.341051  | lossMax                        54.08710479736328
2020-10-17 08:28:30.341065  | gradNormAverage                3532.689927864075
2020-10-17 08:28:30.341079  | gradNormStd                    2339.5605983608207
2020-10-17 08:28:30.341094  | gradNormMedian                 2828.2513427734375
2020-10-17 08:28:30.341109  | gradNormMin                    825.0689086914062
2020-10-17 08:28:30.341124  | gradNormMax                    17263.70703125
2020-10-17 08:28:30.341139  | entropyAverage                 0.7386267222464085
2020-10-17 08:28:30.341153  | entropyStd                     0.08244706414665554
2020-10-17 08:28:30.341175  | entropyMedian                  0.7371394336223602
2020-10-17 08:28:30.341192  | entropyMin                     0.4445987343788147
2020-10-17 08:28:30.341207  | entropyMax                     1.0398253202438354
2020-10-17 08:28:30.341222  | perplexityAverage              2.612243442982435
2020-10-17 08:28:30.341237  | perplexityStd                  0.23407557098441079
2020-10-17 08:28:30.341252  | perplexityMedian               2.6185033321380615
2020-10-17 08:28:30.341267  | perplexityMin                  1.7975058555603027
2020-10-17 08:28:30.341281  | perplexityMax                  3.536177158355713
2020-10-17 08:28:30.341296  | -----------------------------  ---------------------
2020-10-17 08:28:30.341428  | run_10_17_07_21_round_10_17_07_21 itr #12 Optimizing over 1 iterations.
2020-10-17 08:33:49.683904  | run_10_17_07_21_round_10_17_07_21 itr #13 saving snapshot...
2020-10-17 08:33:49.687105  | run_10_17_07_21_round_10_17_07_21 itr #13 saved
2020-10-17 08:33:49.709425  | -----------------------------  ---------------------
2020-10-17 08:33:49.709474  | Diagnostics/NewCompletedTrajs  266
2020-10-17 08:33:49.709496  | Diagnostics/StepsInTrajWindow  785
2020-10-17 08:33:49.709513  | Diagnostics/Iteration          13
2020-10-17 08:33:49.709529  | Diagnostics/CumTime (s)        4329.020498991013
2020-10-17 08:33:49.709545  | Diagnostics/CumSteps           28672
2020-10-17 08:33:49.709561  | Diagnostics/CumCompletedTrajs  3313
2020-10-17 08:33:49.709577  | Diagnostics/CumUpdates         4480
2020-10-17 08:33:49.709593  | Diagnostics/StepsPerSecond     6.4126401047581645
2020-10-17 08:33:49.709609  | Diagnostics/UpdatesPerSecond   1.001975016368463
2020-10-17 08:33:49.709624  | Diagnostics/ReplayRatio        10.0
2020-10-17 08:33:49.709639  | Diagnostics/CumReplayRatio     10.0
2020-10-17 08:33:49.709655  | LengthAverage                  7.85
2020-10-17 08:33:49.709670  | LengthStd                      4.210403781111736
2020-10-17 08:33:49.709686  | LengthMedian                   6.0
2020-10-17 08:33:49.709701  | LengthMin                      4
2020-10-17 08:33:49.709717  | LengthMax                      20
2020-10-17 08:33:49.709733  | ReturnAverage                  -8.406935676336289
2020-10-17 08:33:49.709749  | ReturnStd                      9.755864543069183
2020-10-17 08:33:49.709764  | ReturnMedian                   -4.6598833203315735
2020-10-17 08:33:49.709779  | ReturnMin                      -37.02842426300049
2020-10-17 08:33:49.709793  | ReturnMax                      0.253545880317688
2020-10-17 08:33:49.709807  | NonzeroRewardsAverage          7.85
2020-10-17 08:33:49.709821  | NonzeroRewardsStd              4.210403781111736
2020-10-17 08:33:49.709835  | NonzeroRewardsMedian           6.0
2020-10-17 08:33:49.709848  | NonzeroRewardsMin              4
2020-10-17 08:33:49.709863  | NonzeroRewardsMax              20
2020-10-17 08:33:49.709878  | DiscountedReturnAverage        -8.083462203983219
2020-10-17 08:33:49.709894  | DiscountedReturnStd            8.987548925325717
2020-10-17 08:33:49.709909  | DiscountedReturnMedian         -4.71445380905515
2020-10-17 08:33:49.709923  | DiscountedReturnMin            -33.756460508968566
2020-10-17 08:33:49.709938  | DiscountedReturnMax            0.14678391561269688
2020-10-17 08:33:49.709953  | SuccessAverage                 0.88
2020-10-17 08:33:49.709968  | SuccessStd                     0.32496153618543844
2020-10-17 08:33:49.709984  | SuccessMedian                  1.0
2020-10-17 08:33:49.709999  | SuccessMin                     False
2020-10-17 08:33:49.710014  | SuccessMax                     True
2020-10-17 08:33:49.710028  | InsertDepthAverage             -0.016045011305649302
2020-10-17 08:33:49.710043  | InsertDepthStd                 0.006118153439956409
2020-10-17 08:33:49.710058  | InsertDepthMedian              -0.01825182175364451
2020-10-17 08:33:49.710073  | InsertDepthMin                 -0.019641868486739794
2020-10-17 08:33:49.710089  | InsertDepthMax                 0.001864512704073451
2020-10-17 08:33:49.710104  | lossAverage                    21.005889800190925
2020-10-17 08:33:49.710129  | lossStd                        5.72356142025495
2020-10-17 08:33:49.710145  | lossMedian                     20.58538055419922
2020-10-17 08:33:49.710160  | lossMin                        8.092656135559082
2020-10-17 08:33:49.710175  | lossMax                        42.00712585449219
2020-10-17 08:33:49.710189  | gradNormAverage                3363.7837057113647
2020-10-17 08:33:49.710204  | gradNormStd                    2110.7024811331385
2020-10-17 08:33:49.710219  | gradNormMedian                 2743.99169921875
2020-10-17 08:33:49.710235  | gradNormMin                    725.9342651367188
2020-10-17 08:33:49.710250  | gradNormMax                    10503.841796875
2020-10-17 08:33:49.710264  | entropyAverage                 0.7219235273078084
2020-10-17 08:33:49.710279  | entropyStd                     0.08223882630304684
2020-10-17 08:33:49.710292  | entropyMedian                  0.7196065783500671
2020-10-17 08:33:49.710306  | entropyMin                     0.4986434578895569
2020-10-17 08:33:49.710319  | entropyMax                     0.9601612687110901
2020-10-17 08:33:49.710333  | perplexityAverage              2.5963261645287274
2020-10-17 08:33:49.710346  | perplexityStd                  0.2366575100954095
2020-10-17 08:33:49.710359  | perplexityMedian               2.5769331455230713
2020-10-17 08:33:49.710373  | perplexityMin                  1.985392451286316
2020-10-17 08:33:49.710388  | perplexityMax                  3.378359317779541
2020-10-17 08:33:49.710402  | -----------------------------  ---------------------
2020-10-17 08:33:49.710538  | run_10_17_07_21_round_10_17_07_21 itr #13 Optimizing over 1 iterations.
2020-10-17 08:39:10.644034  | run_10_17_07_21_round_10_17_07_21 itr #14 saving snapshot...
2020-10-17 08:39:10.647229  | run_10_17_07_21_round_10_17_07_21 itr #14 saved
2020-10-17 08:39:10.669597  | -----------------------------  ---------------------
2020-10-17 08:39:10.669644  | Diagnostics/NewCompletedTrajs  258
2020-10-17 08:39:10.669664  | Diagnostics/StepsInTrajWindow  747
2020-10-17 08:39:10.669681  | Diagnostics/Iteration          14
2020-10-17 08:39:10.669696  | Diagnostics/CumTime (s)        4649.980621576309
2020-10-17 08:39:10.669713  | Diagnostics/CumSteps           30720
2020-10-17 08:39:10.669728  | Diagnostics/CumCompletedTrajs  3571
2020-10-17 08:39:10.669744  | Diagnostics/CumUpdates         4800
2020-10-17 08:39:10.669758  | Diagnostics/StepsPerSecond     6.380854990656151
2020-10-17 08:39:10.669774  | Diagnostics/UpdatesPerSecond   0.9970085922900236
2020-10-17 08:39:10.669789  | Diagnostics/ReplayRatio        10.0
2020-10-17 08:39:10.669805  | Diagnostics/CumReplayRatio     10.0
2020-10-17 08:39:10.669820  | LengthAverage                  7.47
2020-10-17 08:39:10.669835  | LengthStd                      3.5845641297094963
2020-10-17 08:39:10.669850  | LengthMedian                   6.0
2020-10-17 08:39:10.669865  | LengthMin                      4
2020-10-17 08:39:10.669881  | LengthMax                      19
2020-10-17 08:39:10.669896  | ReturnAverage                  -7.413963491618634
2020-10-17 08:39:10.669911  | ReturnStd                      8.513123578674454
2020-10-17 08:39:10.669927  | ReturnMedian                   -4.433812379837036
2020-10-17 08:39:10.669942  | ReturnMin                      -45.75673019886017
2020-10-17 08:39:10.669958  | ReturnMax                      0.31730544567108154
2020-10-17 08:39:10.669974  | NonzeroRewardsAverage          7.47
2020-10-17 08:39:10.669989  | NonzeroRewardsStd              3.5845641297094963
2020-10-17 08:39:10.670004  | NonzeroRewardsMedian           6.0
2020-10-17 08:39:10.670020  | NonzeroRewardsMin              4
2020-10-17 08:39:10.670036  | NonzeroRewardsMax              19
2020-10-17 08:39:10.670051  | DiscountedReturnAverage        -7.203403313275743
2020-10-17 08:39:10.670065  | DiscountedReturnStd            7.865573328436592
2020-10-17 08:39:10.670079  | DiscountedReturnMedian         -4.473309161895342
2020-10-17 08:39:10.670101  | DiscountedReturnMin            -42.03017916329619
2020-10-17 08:39:10.670115  | DiscountedReturnMax            0.21012048458290078
2020-10-17 08:39:10.670130  | SuccessAverage                 0.93
2020-10-17 08:39:10.670144  | SuccessStd                     0.2551470164434615
2020-10-17 08:39:10.670159  | SuccessMedian                  1.0
2020-10-17 08:39:10.670174  | SuccessMin                     False
2020-10-17 08:39:10.670188  | SuccessMax                     True
2020-10-17 08:39:10.670202  | InsertDepthAverage             -0.017307821996599474
2020-10-17 08:39:10.670217  | InsertDepthStd                 0.0038557333381205373
2020-10-17 08:39:10.670232  | InsertDepthMedian              -0.01823984756525049
2020-10-17 08:39:10.670247  | InsertDepthMin                 -0.019907248328620897
2020-10-17 08:39:10.670261  | InsertDepthMax                 0.002063723946354623
2020-10-17 08:39:10.670275  | lossAverage                    38.383054208755496
2020-10-17 08:39:10.670289  | lossStd                        17.240512876138837
2020-10-17 08:39:10.670303  | lossMedian                     33.46262550354004
2020-10-17 08:39:10.670318  | lossMin                        12.687252044677734
2020-10-17 08:39:10.670333  | lossMax                        115.52740478515625
2020-10-17 08:39:10.670347  | gradNormAverage                3914.7046514511107
2020-10-17 08:39:10.670362  | gradNormStd                    2713.3005677866104
2020-10-17 08:39:10.670377  | gradNormMedian                 3100.5941162109375
2020-10-17 08:39:10.670392  | gradNormMin                    876.4069213867188
2020-10-17 08:39:10.670407  | gradNormMax                    17571.072265625
2020-10-17 08:39:10.670421  | entropyAverage                 0.7426281992346049
2020-10-17 08:39:10.670436  | entropyStd                     0.07885841421442372
2020-10-17 08:39:10.670452  | entropyMedian                  0.7455129027366638
2020-10-17 08:39:10.670467  | entropyMin                     0.5329205393791199
2020-10-17 08:39:10.670482  | entropyMax                     0.9268026351928711
2020-10-17 08:39:10.670496  | perplexityAverage              2.630870744585991
2020-10-17 08:39:10.670510  | perplexityStd                  0.23412996190603452
2020-10-17 08:39:10.670523  | perplexityMedian               2.6369807720184326
2020-10-17 08:39:10.670536  | perplexityMin                  1.9923853874206543
2020-10-17 08:39:10.670550  | perplexityMax                  3.362149477005005
2020-10-17 08:39:10.670564  | -----------------------------  ---------------------
2020-10-17 08:39:10.670692  | run_10_17_07_21_round_10_17_07_21 itr #14 Optimizing over 1 iterations.
2020-10-17 08:44:47.618666  | run_10_17_07_21_round_10_17_07_21 itr #15 saving snapshot...
2020-10-17 08:44:47.621943  | run_10_17_07_21_round_10_17_07_21 itr #15 saved
2020-10-17 08:44:47.644389  | -----------------------------  ---------------------
2020-10-17 08:44:47.644438  | Diagnostics/NewCompletedTrajs  267
2020-10-17 08:44:47.644461  | Diagnostics/StepsInTrajWindow  701
2020-10-17 08:44:47.644477  | Diagnostics/Iteration          15
2020-10-17 08:44:47.644492  | Diagnostics/CumTime (s)        4986.955333948135
2020-10-17 08:44:47.644507  | Diagnostics/CumSteps           32768
2020-10-17 08:44:47.644523  | Diagnostics/CumCompletedTrajs  3838
2020-10-17 08:44:47.644538  | Diagnostics/CumUpdates         5120
2020-10-17 08:44:47.644553  | Diagnostics/StepsPerSecond     6.077607383607428
2020-10-17 08:44:47.644568  | Diagnostics/UpdatesPerSecond   0.9496261536886605
2020-10-17 08:44:47.644583  | Diagnostics/ReplayRatio        10.0
2020-10-17 08:44:47.644599  | Diagnostics/CumReplayRatio     10.0
2020-10-17 08:44:47.644614  | LengthAverage                  7.01
2020-10-17 08:44:47.644629  | LengthStd                      3.2572841448053005
2020-10-17 08:44:47.644645  | LengthMedian                   6.0
2020-10-17 08:44:47.644660  | LengthMin                      4
2020-10-17 08:44:47.644675  | LengthMax                      18
2020-10-17 08:44:47.644690  | ReturnAverage                  -6.217180043160916
2020-10-17 08:44:47.644713  | ReturnStd                      6.9055873772646414
2020-10-17 08:44:47.644729  | ReturnMedian                   -4.388141095638275
2020-10-17 08:44:47.644744  | ReturnMin                      -34.76634478569031
2020-10-17 08:44:47.644759  | ReturnMax                      0.03518784046173096
2020-10-17 08:44:47.644774  | NonzeroRewardsAverage          7.01
2020-10-17 08:44:47.644789  | NonzeroRewardsStd              3.2572841448053005
2020-10-17 08:44:47.644804  | NonzeroRewardsMedian           6.0
2020-10-17 08:44:47.644819  | NonzeroRewardsMin              4
2020-10-17 08:44:47.644834  | NonzeroRewardsMax              18
2020-10-17 08:44:47.644849  | DiscountedReturnAverage        -6.1103274440776225
2020-10-17 08:44:47.644864  | DiscountedReturnStd            6.50901601425342
2020-10-17 08:44:47.644879  | DiscountedReturnMedian         -4.429814735359789
2020-10-17 08:44:47.644894  | DiscountedReturnMin            -32.37058977586767
2020-10-17 08:44:47.644908  | DiscountedReturnMax            -0.06841966883468675
2020-10-17 08:44:47.644923  | SuccessAverage                 0.99
2020-10-17 08:44:47.644937  | SuccessStd                     0.09949874371066199
2020-10-17 08:44:47.644950  | SuccessMedian                  1.0
2020-10-17 08:44:47.644964  | SuccessMin                     False
2020-10-17 08:44:47.644978  | SuccessMax                     True
2020-10-17 08:44:47.644992  | InsertDepthAverage             -0.018110383991895556
2020-10-17 08:44:47.645007  | InsertDepthStd                 0.00186143905477331
2020-10-17 08:44:47.645021  | InsertDepthMedian              -0.018240173537072774
2020-10-17 08:44:47.645035  | InsertDepthMin                 -0.019791145368980148
2020-10-17 08:44:47.645050  | InsertDepthMax                 0.0002891255006139126
2020-10-17 08:44:47.645064  | lossAverage                    32.34829648137092
2020-10-17 08:44:47.645079  | lossStd                        16.890719013016213
2020-10-17 08:44:47.645094  | lossMedian                     27.39778709411621
2020-10-17 08:44:47.645108  | lossMin                        8.839510917663574
2020-10-17 08:44:47.645122  | lossMax                        94.28044891357422
2020-10-17 08:44:47.645136  | gradNormAverage                3555.228975486755
2020-10-17 08:44:47.645151  | gradNormStd                    2426.634055508375
2020-10-17 08:44:47.645165  | gradNormMedian                 2866.467529296875
2020-10-17 08:44:47.645181  | gradNormMin                    814.440673828125
2020-10-17 08:44:47.645195  | gradNormMax                    14115.8662109375
2020-10-17 08:44:47.645210  | entropyAverage                 0.7081791282631457
2020-10-17 08:44:47.645225  | entropyStd                     0.07250221115738488
2020-10-17 08:44:47.645240  | entropyMedian                  0.7123499512672424
2020-10-17 08:44:47.645255  | entropyMin                     0.49437394738197327
2020-10-17 08:44:47.645270  | entropyMax                     0.9387861490249634
2020-10-17 08:44:47.645285  | perplexityAverage              2.5287642419338225
2020-10-17 08:44:47.645300  | perplexityStd                  0.21011839512773053
2020-10-17 08:44:47.645314  | perplexityMedian               2.526374101638794
2020-10-17 08:44:47.645329  | perplexityMin                  2.0014500617980957
2020-10-17 08:44:47.645344  | perplexityMax                  3.224393606185913
2020-10-17 08:44:47.645359  | -----------------------------  ---------------------
2020-10-17 08:44:47.645486  | run_10_17_07_21_round_10_17_07_21 itr #15 Optimizing over 1 iterations.
2020-10-17 08:50:18.348956  | run_10_17_07_21_round_10_17_07_21 itr #16 saving snapshot...
2020-10-17 08:50:18.352678  | run_10_17_07_21_round_10_17_07_21 itr #16 saved
2020-10-17 08:50:18.371583  | -----------------------------  ---------------------
2020-10-17 08:50:18.371619  | Diagnostics/NewCompletedTrajs  259
2020-10-17 08:50:18.371633  | Diagnostics/StepsInTrajWindow  742
2020-10-17 08:50:18.371644  | Diagnostics/Iteration          16
2020-10-17 08:50:18.371654  | Diagnostics/CumTime (s)        5317.686087608337
2020-10-17 08:50:18.371671  | Diagnostics/CumSteps           34816
2020-10-17 08:50:18.371682  | Diagnostics/CumCompletedTrajs  4097
2020-10-17 08:50:18.371692  | Diagnostics/CumUpdates         5440
2020-10-17 08:50:18.371701  | Diagnostics/StepsPerSecond     6.1923482389670585
2020-10-17 08:50:18.371711  | Diagnostics/UpdatesPerSecond   0.9675544123386028
2020-10-17 08:50:18.371720  | Diagnostics/ReplayRatio        10.0
2020-10-17 08:50:18.371730  | Diagnostics/CumReplayRatio     10.0
2020-10-17 08:50:18.371739  | LengthAverage                  7.42
2020-10-17 08:50:18.371748  | LengthStd                      3.6991350340316043
2020-10-17 08:50:18.371758  | LengthMedian                   6.0
2020-10-17 08:50:18.371767  | LengthMin                      4
2020-10-17 08:50:18.371777  | LengthMax                      18
2020-10-17 08:50:18.371787  | ReturnAverage                  -6.971307080388069
2020-10-17 08:50:18.371796  | ReturnStd                      8.569822542288275
2020-10-17 08:50:18.371805  | ReturnMedian                   -4.026723116636276
2020-10-17 08:50:18.371814  | ReturnMin                      -36.6154009103775
2020-10-17 08:50:18.371824  | ReturnMax                      0.31430256366729736
2020-10-17 08:50:18.371833  | NonzeroRewardsAverage          7.42
2020-10-17 08:50:18.371843  | NonzeroRewardsStd              3.6991350340316043
2020-10-17 08:50:18.371852  | NonzeroRewardsMedian           6.0
2020-10-17 08:50:18.371861  | NonzeroRewardsMin              4
2020-10-17 08:50:18.371871  | NonzeroRewardsMax              18
2020-10-17 08:50:18.371880  | DiscountedReturnAverage        -6.773716740172287
2020-10-17 08:50:18.371890  | DiscountedReturnStd            7.94684884274051
2020-10-17 08:50:18.371899  | DiscountedReturnMedian         -4.059724550623139
2020-10-17 08:50:18.371908  | DiscountedReturnMin            -33.812455487539395
2020-10-17 08:50:18.371918  | DiscountedReturnMax            0.2030024033575053
2020-10-17 08:50:18.371927  | SuccessAverage                 0.92
2020-10-17 08:50:18.371936  | SuccessStd                     0.2712931993250107
2020-10-17 08:50:18.371945  | SuccessMedian                  1.0
2020-10-17 08:50:18.371955  | SuccessMin                     False
2020-10-17 08:50:18.371964  | SuccessMax                     True
2020-10-17 08:50:18.371973  | InsertDepthAverage             -0.016803730487690904
2020-10-17 08:50:18.371983  | InsertDepthStd                 0.005209644394455928
2020-10-17 08:50:18.371992  | InsertDepthMedian              -0.018262419457089757
2020-10-17 08:50:18.372001  | InsertDepthMin                 -0.01996937769051807
2020-10-17 08:50:18.372011  | InsertDepthMax                 0.005004765959950114
2020-10-17 08:50:18.372020  | lossAverage                    34.47548380196095
2020-10-17 08:50:18.372029  | lossStd                        15.101631746710897
2020-10-17 08:50:18.372039  | lossMedian                     30.927894592285156
2020-10-17 08:50:18.372048  | lossMin                        9.834207534790039
2020-10-17 08:50:18.372057  | lossMax                        97.47610473632812
2020-10-17 08:50:18.372067  | gradNormAverage                3823.024875831604
2020-10-17 08:50:18.372076  | gradNormStd                    2437.6517250330585
2020-10-17 08:50:18.372085  | gradNormMedian                 3203.31298828125
2020-10-17 08:50:18.372094  | gradNormMin                    807.9786376953125
2020-10-17 08:50:18.372104  | gradNormMax                    12214.357421875
2020-10-17 08:50:18.372113  | entropyAverage                 0.6585601020604372
2020-10-17 08:50:18.372122  | entropyStd                     0.08141236440954702
2020-10-17 08:50:18.372132  | entropyMedian                  0.6620641648769379
2020-10-17 08:50:18.372141  | entropyMin                     0.4043174088001251
2020-10-17 08:50:18.372150  | entropyMax                     0.887256920337677
2020-10-17 08:50:18.372160  | perplexityAverage              2.364126568287611
2020-10-17 08:50:18.372169  | perplexityStd                  0.22424992826604678
2020-10-17 08:50:18.372181  | perplexityMedian               2.3626879453659058
2020-10-17 08:50:18.372191  | perplexityMin                  1.7967109680175781
2020-10-17 08:50:18.372201  | perplexityMax                  2.99969220161438
2020-10-17 08:50:18.372210  | -----------------------------  ---------------------
2020-10-17 08:50:18.372289  | run_10_17_07_21_round_10_17_07_21 itr #16 Optimizing over 1 iterations.
2020-10-17 08:55:31.835512  | run_10_17_07_21_round_10_17_07_21 itr #17 saving snapshot...
2020-10-17 08:55:31.838735  | run_10_17_07_21_round_10_17_07_21 itr #17 saved
2020-10-17 08:55:31.861367  | -----------------------------  ---------------------
2020-10-17 08:55:31.861416  | Diagnostics/NewCompletedTrajs  268
2020-10-17 08:55:31.861439  | Diagnostics/StepsInTrajWindow  728
2020-10-17 08:55:31.861457  | Diagnostics/Iteration          17
2020-10-17 08:55:31.861473  | Diagnostics/CumTime (s)        5631.172127485275
2020-10-17 08:55:31.861489  | Diagnostics/CumSteps           36864
2020-10-17 08:55:31.861505  | Diagnostics/CumCompletedTrajs  4365
2020-10-17 08:55:31.861521  | Diagnostics/CumUpdates         5760
2020-10-17 08:55:31.861537  | Diagnostics/StepsPerSecond     6.532986288014494
2020-10-17 08:55:31.861553  | Diagnostics/UpdatesPerSecond   1.0207791075022647
2020-10-17 08:55:31.861569  | Diagnostics/ReplayRatio        10.0
2020-10-17 08:55:31.861584  | Diagnostics/CumReplayRatio     10.0
2020-10-17 08:55:31.861600  | LengthAverage                  7.28
2020-10-17 08:55:31.861616  | LengthStd                      3.4701008630874117
2020-10-17 08:55:31.861631  | LengthMedian                   6.0
2020-10-17 08:55:31.861647  | LengthMin                      3
2020-10-17 08:55:31.861663  | LengthMax                      17
2020-10-17 08:55:31.861679  | ReturnAverage                  -6.8879071605205535
2020-10-17 08:55:31.861695  | ReturnStd                      8.034635811992077
2020-10-17 08:55:31.861711  | ReturnMedian                   -3.89399117231369
2020-10-17 08:55:31.861727  | ReturnMin                      -41.130833983421326
2020-10-17 08:55:31.861743  | ReturnMax                      1.1019940376281738
2020-10-17 08:55:31.861759  | NonzeroRewardsAverage          7.28
2020-10-17 08:55:31.861775  | NonzeroRewardsStd              3.4701008630874117
2020-10-17 08:55:31.861790  | NonzeroRewardsMedian           6.0
2020-10-17 08:55:31.861805  | NonzeroRewardsMin              3
2020-10-17 08:55:31.861820  | NonzeroRewardsMax              17
2020-10-17 08:55:31.861834  | DiscountedReturnAverage        -6.719041442766085
2020-10-17 08:55:31.861848  | DiscountedReturnStd            7.486504149514912
2020-10-17 08:55:31.861863  | DiscountedReturnMedian         -3.96083003240013
2020-10-17 08:55:31.861878  | DiscountedReturnMin            -37.98642028576715
2020-10-17 08:55:31.861894  | DiscountedReturnMax            1.0320527275562283
2020-10-17 08:55:31.861909  | SuccessAverage                 0.94
2020-10-17 08:55:31.861924  | SuccessStd                     0.23748684174075835
2020-10-17 08:55:31.861940  | SuccessMedian                  1.0
2020-10-17 08:55:31.861955  | SuccessMin                     False
2020-10-17 08:55:31.861971  | SuccessMax                     True
2020-10-17 08:55:31.861987  | InsertDepthAverage             -0.0172502612289494
2020-10-17 08:55:31.862002  | InsertDepthStd                 0.0042680165488376935
2020-10-17 08:55:31.862018  | InsertDepthMedian              -0.018249922656348727
2020-10-17 08:55:31.862034  | InsertDepthMin                 -0.0198434871141491
2020-10-17 08:55:31.862050  | InsertDepthMax                 0.0014178940119171368
2020-10-17 08:55:31.862066  | lossAverage                    19.292505659162998
2020-10-17 08:55:31.862082  | lossStd                        6.282231253148577
2020-10-17 08:55:31.862098  | lossMedian                     18.41017436981201
2020-10-17 08:55:31.862113  | lossMin                        7.054558277130127
2020-10-17 08:55:31.862128  | lossMax                        44.455936431884766
2020-10-17 08:55:31.862152  | gradNormAverage                3451.3451362609862
2020-10-17 08:55:31.862168  | gradNormStd                    2162.364144243169
2020-10-17 08:55:31.862184  | gradNormMedian                 2904.7735595703125
2020-10-17 08:55:31.862199  | gradNormMin                    590.2996826171875
2020-10-17 08:55:31.862215  | gradNormMax                    12580.779296875
2020-10-17 08:55:31.862230  | entropyAverage                 0.6605559234507382
2020-10-17 08:55:31.862245  | entropyStd                     0.07401829638592568
2020-10-17 08:55:31.862260  | entropyMedian                  0.654269814491272
2020-10-17 08:55:31.862274  | entropyMin                     0.47028815746307373
2020-10-17 08:55:31.862287  | entropyMax                     0.8492855429649353
2020-10-17 08:55:31.862301  | perplexityAverage              2.3647512957453727
2020-10-17 08:55:31.862316  | perplexityStd                  0.19331691792811562
2020-10-17 08:55:31.862331  | perplexityMedian               2.35042667388916
2020-10-17 08:55:31.862346  | perplexityMin                  1.8639345169067383
2020-10-17 08:55:31.862360  | perplexityMax                  2.8448140621185303
2020-10-17 08:55:31.862375  | -----------------------------  ---------------------
2020-10-17 08:55:31.862511  | run_10_17_07_21_round_10_17_07_21 itr #17 Optimizing over 1 iterations.
