2020-10-10 12:11:24.930771  | run_10_10_12_11_round_10_10_12_11 Runner  master CPU affinity: [0, 1, 2, 3, 4, 5, 6, 7].
2020-10-10 12:11:24.930931  | run_10_10_12_11_round_10_10_12_11 Runner  master Torch threads: 4.
2020-10-10 12:11:46.625528  | run_10_10_12_11_round_10_10_12_11 Sampler decorrelating envs, max steps: 1
2020-10-10 12:11:48.644913  | run_10_10_12_11_round_10_10_12_11 Serial Sampler initialized.
2020-10-10 12:11:48.646032  | run_10_10_12_11_round_10_10_12_11 Running 3906 iterations of minibatch RL.
2020-10-10 12:11:48.646650  | run_10_10_12_11_round_10_10_12_11 Optimizing over 1 iterations.
2020-10-10 12:15:58.249089  | run_10_10_12_11_round_10_10_12_11 itr #0 saving snapshot...
2020-10-10 12:15:58.254622  | run_10_10_12_11_round_10_10_12_11 itr #0 saved
2020-10-10 12:15:58.262026  | -----------------------------  ----------------------
2020-10-10 12:15:58.264420  | Diagnostics/NewCompletedTrajs  8
2020-10-10 12:15:58.264542  | Diagnostics/StepsInTrajWindow  216
2020-10-10 12:15:58.264604  | Diagnostics/Iteration          0
2020-10-10 12:15:58.264662  | Diagnostics/CumTime (s)        249.60797452926636
2020-10-10 12:15:58.264879  | Diagnostics/CumSteps           256
2020-10-10 12:15:58.264931  | Diagnostics/CumCompletedTrajs  8
2020-10-10 12:15:58.264967  | Diagnostics/CumUpdates         80
2020-10-10 12:15:58.265000  | Diagnostics/StepsPerSecond     nan
2020-10-10 12:15:58.265033  | Diagnostics/UpdatesPerSecond   nan
2020-10-10 12:15:58.265065  | Diagnostics/ReplayRatio        10.0
2020-10-10 12:15:58.265098  | Diagnostics/CumReplayRatio     10.0
2020-10-10 12:15:58.265130  | LengthAverage                  27.0
2020-10-10 12:15:58.265164  | LengthStd                      29.025850547399983
2020-10-10 12:15:58.265196  | LengthMedian                   15.5
2020-10-10 12:15:58.265228  | LengthMin                      9
2020-10-10 12:15:58.265269  | LengthMax                      102
2020-10-10 12:15:58.265305  | ReturnAverage                  -13.779794070869684
2020-10-10 12:15:58.265353  | ReturnStd                      12.805900173448265
2020-10-10 12:15:58.265386  | ReturnMedian                   -12.113212645053864
2020-10-10 12:15:58.265417  | ReturnMin                      -41.77863430976868
2020-10-10 12:15:58.265460  | ReturnMax                      -1.3814106583595276
2020-10-10 12:15:58.265494  | NonzeroRewardsAverage          27.0
2020-10-10 12:15:58.265527  | NonzeroRewardsStd              29.025850547399983
2020-10-10 12:15:58.265558  | NonzeroRewardsMedian           15.5
2020-10-10 12:15:58.265590  | NonzeroRewardsMin              9
2020-10-10 12:15:58.265622  | NonzeroRewardsMax              102
2020-10-10 12:15:58.265653  | DiscountedReturnAverage        -11.07728470956449
2020-10-10 12:15:58.265685  | DiscountedReturnStd            8.482631539744599
2020-10-10 12:15:58.265717  | DiscountedReturnMedian         -11.148721149546867
2020-10-10 12:15:58.265750  | DiscountedReturnMin            -26.5080610598914
2020-10-10 12:15:58.265783  | DiscountedReturnMax            -1.537880353462449
2020-10-10 12:15:58.265822  | SuccessAverage                 0.375
2020-10-10 12:15:58.265918  | SuccessStd                     0.4841229182759271
2020-10-10 12:15:58.265977  | SuccessMedian                  0.0
2020-10-10 12:15:58.266029  | SuccessMin                     False
2020-10-10 12:15:58.266073  | SuccessMax                     True
2020-10-10 12:15:58.266116  | InsertDepthAverage             -0.007085480619301107
2020-10-10 12:15:58.266159  | InsertDepthStd                 0.01035508139584543
2020-10-10 12:15:58.266201  | InsertDepthMedian              0.00013324505389797348
2020-10-10 12:15:58.266244  | InsertDepthMin                 -0.020503406892028522
2020-10-10 12:15:58.266287  | InsertDepthMax                 0.0020710472541151936
2020-10-10 12:15:58.266329  | lossAverage                    28.0636496424675
2020-10-10 12:15:58.266374  | lossStd                        11.956131192617194
2020-10-10 12:15:58.266420  | lossMedian                     24.7038516998291
2020-10-10 12:15:58.266464  | lossMin                        15.330362319946289
2020-10-10 12:15:58.266541  | lossMax                        72.87274169921875
2020-10-10 12:15:58.266593  | gradNormAverage                2678.98853225708
2020-10-10 12:15:58.266645  | gradNormStd                    2408.4408574751524
2020-10-10 12:15:58.266690  | gradNormMedian                 1761.4925537109375
2020-10-10 12:15:58.266734  | gradNormMin                    578.286865234375
2020-10-10 12:15:58.266778  | gradNormMax                    10825.296875
2020-10-10 12:15:58.266827  | entropyAverage                 0.694993394985795
2020-10-10 12:15:58.266871  | entropyStd                     0.14295733687457224
2020-10-10 12:15:58.266912  | entropyMedian                  0.6781105995178223
2020-10-10 12:15:58.266959  | entropyMin                     0.36966633796691895
2020-10-10 12:15:58.267003  | entropyMax                     0.9588266611099243
2020-10-10 12:15:58.267049  | perplexityAverage              2.152580741047859
2020-10-10 12:15:58.267090  | perplexityStd                  0.2992977222492157
2020-10-10 12:15:58.267130  | perplexityMedian               2.125382423400879
2020-10-10 12:15:58.267167  | perplexityMin                  1.5283238887786865
2020-10-10 12:15:58.267203  | perplexityMax                  2.7758936882019043
2020-10-10 12:15:58.267520  | -----------------------------  ----------------------
2020-10-10 12:15:58.267907  | run_10_10_12_11_round_10_10_12_11 itr #0 Optimizing over 1 iterations.
2020-10-10 12:21:18.830700  | run_10_10_12_11_round_10_10_12_11 itr #1 saving snapshot...
2020-10-10 12:21:18.836398  | run_10_10_12_11_round_10_10_12_11 itr #1 saved
2020-10-10 12:21:18.844558  | -----------------------------  -----------------------
2020-10-10 12:21:18.844703  | Diagnostics/NewCompletedTrajs  11
2020-10-10 12:21:18.844766  | Diagnostics/StepsInTrajWindow  507
2020-10-10 12:21:18.844815  | Diagnostics/Iteration          1
2020-10-10 12:21:18.845047  | Diagnostics/CumTime (s)        570.1896727085114
2020-10-10 12:21:18.845112  | Diagnostics/CumSteps           512
2020-10-10 12:21:18.845176  | Diagnostics/CumCompletedTrajs  19
2020-10-10 12:21:18.845227  | Diagnostics/CumUpdates         160
2020-10-10 12:21:18.845274  | Diagnostics/StepsPerSecond     0.7985483932924462
2020-10-10 12:21:18.845320  | Diagnostics/UpdatesPerSecond   0.24954637290388942
2020-10-10 12:21:18.845382  | Diagnostics/ReplayRatio        10.0
2020-10-10 12:21:18.845439  | Diagnostics/CumReplayRatio     10.0
2020-10-10 12:21:18.845497  | LengthAverage                  26.68421052631579
2020-10-10 12:21:18.845555  | LengthStd                      25.352364431576557
2020-10-10 12:21:18.845612  | LengthMedian                   16.0
2020-10-10 12:21:18.845670  | LengthMin                      9
2020-10-10 12:21:18.845727  | LengthMax                      102
2020-10-10 12:21:18.845786  | ReturnAverage                  -14.21874601590006
2020-10-10 12:21:18.845844  | ReturnStd                      10.847440048879266
2020-10-10 12:21:18.846145  | ReturnMedian                   -11.265670746564865
2020-10-10 12:21:18.846206  | ReturnMin                      -41.77863430976868
2020-10-10 12:21:18.846264  | ReturnMax                      -1.3814106583595276
2020-10-10 12:21:18.846322  | NonzeroRewardsAverage          26.68421052631579
2020-10-10 12:21:18.846379  | NonzeroRewardsStd              25.352364431576557
2020-10-10 12:21:18.846436  | NonzeroRewardsMedian           16.0
2020-10-10 12:21:18.846494  | NonzeroRewardsMin              9
2020-10-10 12:21:18.846550  | NonzeroRewardsMax              102
2020-10-10 12:21:18.846607  | DiscountedReturnAverage        -11.739017765532644
2020-10-10 12:21:18.846665  | DiscountedReturnStd            7.15108309909618
2020-10-10 12:21:18.846722  | DiscountedReturnMedian         -10.24377275386756
2020-10-10 12:21:18.846781  | DiscountedReturnMin            -26.5080610598914
2020-10-10 12:21:18.846837  | DiscountedReturnMax            -1.537880353462449
2020-10-10 12:21:18.846893  | SuccessAverage                 0.21052631578947367
2020-10-10 12:21:18.846977  | SuccessStd                     0.40768245749551757
2020-10-10 12:21:18.847180  | SuccessMedian                  0.0
2020-10-10 12:21:18.847240  | SuccessMin                     False
2020-10-10 12:21:18.847287  | SuccessMax                     True
2020-10-10 12:21:18.847335  | InsertDepthAverage             -0.004274907338133634
2020-10-10 12:21:18.847383  | InsertDepthStd                 0.008411208018984508
2020-10-10 12:21:18.847430  | InsertDepthMedian              -0.00013880153099651849
2020-10-10 12:21:18.847478  | InsertDepthMin                 -0.020503406892028522
2020-10-10 12:21:18.847524  | InsertDepthMax                 0.0020710472541151936
2020-10-10 12:21:18.847571  | lossAverage                    17.208390867710115
2020-10-10 12:21:18.847618  | lossStd                        6.6117785725854565
2020-10-10 12:21:18.847666  | lossMedian                     15.825984001159668
2020-10-10 12:21:18.847713  | lossMin                        6.083001136779785
2020-10-10 12:21:18.847759  | lossMax                        38.420780181884766
2020-10-10 12:21:18.847806  | gradNormAverage                1826.80385055542
2020-10-10 12:21:18.847854  | gradNormStd                    986.5705763240962
2020-10-10 12:21:18.848045  | gradNormMedian                 1727.3961181640625
2020-10-10 12:21:18.848102  | gradNormMin                    371.17755126953125
2020-10-10 12:21:18.848149  | gradNormMax                    5888.3828125
2020-10-10 12:21:18.848194  | entropyAverage                 0.6619059998542071
2020-10-10 12:21:18.848240  | entropyStd                     0.10681510980475592
2020-10-10 12:21:18.848284  | entropyMedian                  0.665377140045166
2020-10-10 12:21:18.848329  | entropyMin                     0.41868728399276733
2020-10-10 12:21:18.848378  | entropyMax                     0.8905103802680969
2020-10-10 12:21:18.848426  | perplexityAverage              2.1400741010904314
2020-10-10 12:21:18.848474  | perplexityStd                  0.24072073615122083
2020-10-10 12:21:18.848522  | perplexityMedian               2.1155468225479126
2020-10-10 12:21:18.848569  | perplexityMin                  1.6486612558364868
2020-10-10 12:21:18.848616  | perplexityMax                  2.6677212715148926
2020-10-10 12:21:18.848663  | -----------------------------  -----------------------
2020-10-10 12:21:18.849096  | run_10_10_12_11_round_10_10_12_11 itr #1 Optimizing over 1 iterations.
2020-10-10 12:29:32.107136  | run_10_10_12_11_round_10_10_12_11 itr #2 saving snapshot...
2020-10-10 12:29:32.116379  | run_10_10_12_11_round_10_10_12_11 itr #2 saved
2020-10-10 12:29:32.128599  | -----------------------------  -----------------------
2020-10-10 12:29:32.129143  | Diagnostics/NewCompletedTrajs  17
2020-10-10 12:29:32.129237  | Diagnostics/StepsInTrajWindow  746
2020-10-10 12:29:32.129300  | Diagnostics/Iteration          2
2020-10-10 12:29:32.129372  | Diagnostics/CumTime (s)        1063.4697139263153
2020-10-10 12:29:32.129439  | Diagnostics/CumSteps           768
2020-10-10 12:29:32.129502  | Diagnostics/CumCompletedTrajs  36
2020-10-10 12:29:32.129569  | Diagnostics/CumUpdates         240
2020-10-10 12:29:32.129624  | Diagnostics/StepsPerSecond     0.5189749809621127
2020-10-10 12:29:32.129688  | Diagnostics/UpdatesPerSecond   0.16217968155066023
2020-10-10 12:29:32.129751  | Diagnostics/ReplayRatio        10.0
2020-10-10 12:29:32.129794  | Diagnostics/CumReplayRatio     10.0
2020-10-10 12:29:32.130117  | LengthAverage                  20.72222222222222
2020-10-10 12:29:32.130182  | LengthStd                      19.92292246399039
2020-10-10 12:29:32.130245  | LengthMedian                   15.0
2020-10-10 12:29:32.130294  | LengthMin                      6
2020-10-10 12:29:32.130350  | LengthMax                      102
2020-10-10 12:29:32.130414  | ReturnAverage                  -11.86861345420281
2020-10-10 12:29:32.130472  | ReturnStd                      9.278642802233161
2020-10-10 12:29:32.130534  | ReturnMedian                   -10.961232021450996
2020-10-10 12:29:32.130591  | ReturnMin                      -41.77863430976868
2020-10-10 12:29:32.130676  | ReturnMax                      1.3719844222068787
2020-10-10 12:29:32.130738  | NonzeroRewardsAverage          20.72222222222222
2020-10-10 12:29:32.130796  | NonzeroRewardsStd              19.92292246399039
2020-10-10 12:29:32.131234  | NonzeroRewardsMedian           15.0
2020-10-10 12:29:32.131291  | NonzeroRewardsMin              6
2020-10-10 12:29:32.131326  | NonzeroRewardsMax              102
2020-10-10 12:29:32.131359  | DiscountedReturnAverage        -10.246882477100804
2020-10-10 12:29:32.131391  | DiscountedReturnStd            6.620248250377344
2020-10-10 12:29:32.131423  | DiscountedReturnMedian         -10.178510336271033
2020-10-10 12:29:32.131465  | DiscountedReturnMin            -26.5080610598914
2020-10-10 12:29:32.131501  | DiscountedReturnMax            1.208633295697755
2020-10-10 12:29:32.131534  | SuccessAverage                 0.2777777777777778
2020-10-10 12:29:32.131584  | SuccessStd                     0.44790320823880836
2020-10-10 12:29:32.131639  | SuccessMedian                  0.0
2020-10-10 12:29:32.131703  | SuccessMin                     False
2020-10-10 12:29:32.131761  | SuccessMax                     True
2020-10-10 12:29:32.131812  | InsertDepthAverage             -0.005903743263399661
2020-10-10 12:29:32.132159  | InsertDepthStd                 0.009078258795685492
2020-10-10 12:29:32.132221  | InsertDepthMedian              -0.00038056227642056795
2020-10-10 12:29:32.132285  | InsertDepthMin                 -0.020544668778128855
2020-10-10 12:29:32.132347  | InsertDepthMax                 0.0020710472541151936
2020-10-10 12:29:32.132408  | lossAverage                    9.761339694261551
2020-10-10 12:29:32.132466  | lossStd                        5.052665888069631
2020-10-10 12:29:32.132523  | lossMedian                     8.880252361297607
2020-10-10 12:29:32.132579  | lossMin                        2.478017807006836
2020-10-10 12:29:32.132633  | lossMax                        22.930221557617188
2020-10-10 12:29:32.132690  | gradNormAverage                1552.4524780273437
2020-10-10 12:29:32.133017  | gradNormStd                    748.4374674967644
2020-10-10 12:29:32.133076  | gradNormMedian                 1367.3291625976562
2020-10-10 12:29:32.133133  | gradNormMin                    448.93310546875
2020-10-10 12:29:32.133190  | gradNormMax                    4459.98388671875
2020-10-10 12:29:32.133245  | entropyAverage                 0.6035977818071843
2020-10-10 12:29:32.133301  | entropyStd                     0.08087353584606609
2020-10-10 12:29:32.133364  | entropyMedian                  0.6075405776500702
2020-10-10 12:29:32.133421  | entropyMin                     0.4086604714393616
2020-10-10 12:29:32.133478  | entropyMax                     0.8008223176002502
2020-10-10 12:29:32.133535  | perplexityAverage              2.071261927485466
2020-10-10 12:29:32.133594  | perplexityStd                  0.19343895663309593
2020-10-10 12:29:32.133651  | perplexityMedian               2.088444948196411
2020-10-10 12:29:32.134146  | perplexityMin                  1.6472492218017578
2020-10-10 12:29:32.134246  | perplexityMax                  2.5018765926361084
2020-10-10 12:29:32.134299  | -----------------------------  -----------------------
2020-10-10 12:29:32.134576  | run_10_10_12_11_round_10_10_12_11 itr #2 Optimizing over 1 iterations.
2020-10-10 12:36:44.124674  | run_10_10_12_11_round_10_10_12_11 itr #3 saving snapshot...
2020-10-10 12:36:44.131623  | run_10_10_12_11_round_10_10_12_11 itr #3 saved
2020-10-10 12:36:44.141644  | -----------------------------  ----------------------
2020-10-10 12:36:44.142193  | Diagnostics/NewCompletedTrajs  15
2020-10-10 12:36:44.142291  | Diagnostics/StepsInTrajWindow  1021
2020-10-10 12:36:44.142356  | Diagnostics/Iteration          3
2020-10-10 12:36:44.142423  | Diagnostics/CumTime (s)        1495.4852559566498
2020-10-10 12:36:44.142479  | Diagnostics/CumSteps           1024
2020-10-10 12:36:44.142536  | Diagnostics/CumCompletedTrajs  51
2020-10-10 12:36:44.142629  | Diagnostics/CumUpdates         320
2020-10-10 12:36:44.142694  | Diagnostics/StepsPerSecond     0.5925712737020574
2020-10-10 12:36:44.142751  | Diagnostics/UpdatesPerSecond   0.18517852303189292
2020-10-10 12:36:44.142809  | Diagnostics/ReplayRatio        10.0
2020-10-10 12:36:44.142863  | Diagnostics/CumReplayRatio     10.0
2020-10-10 12:36:44.142926  | LengthAverage                  20.019607843137255
2020-10-10 12:36:44.142980  | LengthStd                      20.584107896273494
2020-10-10 12:36:44.143036  | LengthMedian                   13.0
2020-10-10 12:36:44.143100  | LengthMin                      6
2020-10-10 12:36:44.143156  | LengthMax                      102
2020-10-10 12:36:44.143210  | ReturnAverage                  -11.335003134666705
2020-10-10 12:36:44.143268  | ReturnStd                      9.044679047884632
2020-10-10 12:36:44.143330  | ReturnMedian                   -10.220564007759094
2020-10-10 12:36:44.143384  | ReturnMin                      -41.77863430976868
2020-10-10 12:36:44.143439  | ReturnMax                      1.3719844222068787
2020-10-10 12:36:44.143502  | NonzeroRewardsAverage          20.019607843137255
2020-10-10 12:36:44.143550  | NonzeroRewardsStd              20.584107896273494
2020-10-10 12:36:44.143584  | NonzeroRewardsMedian           13.0
2020-10-10 12:36:44.143615  | NonzeroRewardsMin              6
2020-10-10 12:36:44.143645  | NonzeroRewardsMax              102
2020-10-10 12:36:44.143675  | DiscountedReturnAverage        -9.802627133197522
2020-10-10 12:36:44.143707  | DiscountedReturnStd            6.319584387742047
2020-10-10 12:36:44.143737  | DiscountedReturnMedian         -9.618416436758672
2020-10-10 12:36:44.143770  | DiscountedReturnMin            -26.5080610598914
2020-10-10 12:36:44.143799  | DiscountedReturnMax            1.208633295697755
2020-10-10 12:36:44.143828  | SuccessAverage                 0.2549019607843137
2020-10-10 12:36:44.143858  | SuccessStd                     0.435806093546919
2020-10-10 12:36:44.143888  | SuccessMedian                  0.0
2020-10-10 12:36:44.143920  | SuccessMin                     False
2020-10-10 12:36:44.143950  | SuccessMax                     True
2020-10-10 12:36:44.143981  | InsertDepthAverage             -0.005675510141247529
2020-10-10 12:36:44.144011  | InsertDepthStd                 0.008750099157478736
2020-10-10 12:36:44.144041  | InsertDepthMedian              -0.0005103568557060512
2020-10-10 12:36:44.144071  | InsertDepthMin                 -0.020544668778128855
2020-10-10 12:36:44.144102  | InsertDepthMax                 0.0020710472541151936
2020-10-10 12:36:44.144133  | lossAverage                    6.594345840811729
2020-10-10 12:36:44.144164  | lossStd                        2.1411518627191395
2020-10-10 12:36:44.144196  | lossMedian                     6.4524781703948975
2020-10-10 12:36:44.144228  | lossMin                        2.378399610519409
2020-10-10 12:36:44.144259  | lossMax                        15.11900520324707
2020-10-10 12:36:44.144290  | gradNormAverage                1600.9839000701904
2020-10-10 12:36:44.144499  | gradNormStd                    1015.5794611225675
2020-10-10 12:36:44.144541  | gradNormMedian                 1288.1223754882812
2020-10-10 12:36:44.144574  | gradNormMin                    418.385986328125
2020-10-10 12:36:44.144609  | gradNormMax                    5189.0966796875
2020-10-10 12:36:44.144642  | entropyAverage                 0.543160380795598
2020-10-10 12:36:44.144674  | entropyStd                     0.08506268233038992
2020-10-10 12:36:44.144723  | entropyMedian                  0.5410955846309662
2020-10-10 12:36:44.144779  | entropyMin                     0.3075098991394043
2020-10-10 12:36:44.144816  | entropyMax                     0.7663897275924683
2020-10-10 12:36:44.144849  | perplexityAverage              2.0011401638388633
2020-10-10 12:36:44.144882  | perplexityStd                  0.19184674441009067
2020-10-10 12:36:44.144914  | perplexityMedian               2.008196711540222
2020-10-10 12:36:44.144947  | perplexityMin                  1.4593634605407715
2020-10-10 12:36:44.144998  | perplexityMax                  2.42099666595459
2020-10-10 12:36:44.145036  | -----------------------------  ----------------------
2020-10-10 12:36:44.145328  | run_10_10_12_11_round_10_10_12_11 itr #3 Optimizing over 1 iterations.
2020-10-10 12:44:51.662522  | run_10_10_12_11_round_10_10_12_11 itr #4 saving snapshot...
2020-10-10 12:44:51.666703  | run_10_10_12_11_round_10_10_12_11 itr #4 saved
2020-10-10 12:44:51.672454  | -----------------------------  ----------------------
2020-10-10 12:44:51.672699  | Diagnostics/NewCompletedTrajs  17
2020-10-10 12:44:51.672768  | Diagnostics/StepsInTrajWindow  1277
2020-10-10 12:44:51.672808  | Diagnostics/Iteration          4
2020-10-10 12:44:51.672842  | Diagnostics/CumTime (s)        1983.0199568271637
2020-10-10 12:44:51.672872  | Diagnostics/CumSteps           1280
2020-10-10 12:44:51.672904  | Diagnostics/CumCompletedTrajs  68
2020-10-10 12:44:51.672936  | Diagnostics/CumUpdates         400
2020-10-10 12:44:51.672968  | Diagnostics/StepsPerSecond     0.5250908284946715
2020-10-10 12:44:51.673001  | Diagnostics/UpdatesPerSecond   0.16409088390458484
2020-10-10 12:44:51.673035  | Diagnostics/ReplayRatio        10.0
2020-10-10 12:44:51.673068  | Diagnostics/CumReplayRatio     10.0
2020-10-10 12:44:51.673100  | LengthAverage                  18.779411764705884
2020-10-10 12:44:51.673131  | LengthStd                      18.37024895620097
2020-10-10 12:44:51.673163  | LengthMedian                   13.0
2020-10-10 12:44:51.673194  | LengthMin                      6
2020-10-10 12:44:51.673226  | LengthMax                      102
2020-10-10 12:44:51.673258  | ReturnAverage                  -10.71513032080496
2020-10-10 12:44:51.673308  | ReturnStd                      8.568324269650919
2020-10-10 12:44:51.673357  | ReturnMedian                   -10.218640625476837
2020-10-10 12:44:51.673392  | ReturnMin                      -41.77863430976868
2020-10-10 12:44:51.673424  | ReturnMax                      1.3719844222068787
2020-10-10 12:44:51.673456  | NonzeroRewardsAverage          18.779411764705884
2020-10-10 12:44:51.673488  | NonzeroRewardsStd              18.37024895620097
2020-10-10 12:44:51.673520  | NonzeroRewardsMedian           13.0
2020-10-10 12:44:51.673551  | NonzeroRewardsMin              6
2020-10-10 12:44:51.673583  | NonzeroRewardsMax              102
2020-10-10 12:44:51.673614  | DiscountedReturnAverage        -9.390292830999568
2020-10-10 12:44:51.673657  | DiscountedReturnStd            6.235647383878747
2020-10-10 12:44:51.673694  | DiscountedReturnMedian         -9.628743383650205
2020-10-10 12:44:51.673726  | DiscountedReturnMin            -26.5080610598914
2020-10-10 12:44:51.673758  | DiscountedReturnMax            1.208633295697755
2020-10-10 12:44:51.673790  | SuccessAverage                 0.3088235294117647
2020-10-10 12:44:51.673822  | SuccessStd                     0.4620081786001473
2020-10-10 12:44:51.673910  | SuccessMedian                  0.0
2020-10-10 12:44:51.673957  | SuccessMin                     False
2020-10-10 12:44:51.673994  | SuccessMax                     True
2020-10-10 12:44:51.679825  | InsertDepthAverage             -0.0067155771320822275
2020-10-10 12:44:51.680076  | InsertDepthStd                 0.00927872070940336
2020-10-10 12:44:51.680356  | InsertDepthMedian              -0.0005612725840637711
2020-10-10 12:44:51.680772  | InsertDepthMin                 -0.02063161947913332
2020-10-10 12:44:51.681219  | InsertDepthMax                 0.0020710472541151936
2020-10-10 12:44:51.681475  | lossAverage                    10.131195718050003
2020-10-10 12:44:51.681773  | lossStd                        3.307924515198536
2020-10-10 12:44:51.682063  | lossMedian                     9.534287929534912
2020-10-10 12:44:51.682498  | lossMin                        4.106149196624756
2020-10-10 12:44:51.682943  | lossMax                        24.399158477783203
2020-10-10 12:44:51.683196  | gradNormAverage                1270.9613105773926
2020-10-10 12:44:51.683839  | gradNormStd                    595.4150440392292
2020-10-10 12:44:51.684139  | gradNormMedian                 1088.8782958984375
2020-10-10 12:44:51.684779  | gradNormMin                    485.922607421875
2020-10-10 12:44:51.684849  | gradNormMax                    3167.537353515625
2020-10-10 12:44:51.685356  | entropyAverage                 0.5182398151606321
2020-10-10 12:44:51.685419  | entropyStd                     0.0832029225808297
2020-10-10 12:44:51.685801  | entropyMedian                  0.5043946206569672
2020-10-10 12:44:51.686190  | entropyMin                     0.3606489598751068
2020-10-10 12:44:51.686495  | entropyMax                     0.7269192934036255
2020-10-10 12:44:51.686565  | perplexityAverage              1.8653782561421395
2020-10-10 12:44:51.686962  | perplexityStd                  0.18107582848611886
2020-10-10 12:44:51.687266  | perplexityMedian               1.831152617931366
2020-10-10 12:44:51.687687  | perplexityMin                  1.5345916748046875
2020-10-10 12:44:51.688240  | perplexityMax                  2.317152738571167
2020-10-10 12:44:51.688624  | -----------------------------  ----------------------
2020-10-10 12:44:51.689722  | run_10_10_12_11_round_10_10_12_11 itr #4 Optimizing over 1 iterations.
